{"C:\\Users\\ptheodosiou\\Documents\\personal\\focus-flow\\src\\components\\common\\ShortcutsModal.vue": {"path":"C:\\Users\\ptheodosiou\\Documents\\personal\\focus-flow\\src\\components\\common\\ShortcutsModal.vue","statementMap":{"0":{"start":{"line":13,"column":18},"end":{"line":20,"column":1}},"1":{"start":{"line":40,"column":11},"end":{"line":40,"column":null}},"2":{"start":{"line":41,"column":13},"end":{"line":41,"column":null}},"3":{"start":{"line":42,"column":15},"end":{"line":42,"column":null}},"4":{"start":{"line":52,"column":15},"end":{"line":52,"column":null}},"5":{"start":{"line":58,"column":20},"end":{"line":58,"column":64}},"6":{"start":{"line":59,"column":19},"end":{"line":59,"column":null}},"7":{"start":{"line":36,"column":16},"end":{"line":36,"column":null}},"8":{"start":{"line":45,"column":22},"end":{"line":45,"column":null}}},"fnMap":{"0":{"name":"(anonymous_0)","decl":{"start":{"line":36,"column":14},"end":{"line":36,"column":16}},"loc":{"start":{"line":36,"column":16},"end":{"line":36,"column":null}},"line":36},"1":{"name":"(anonymous_1)","decl":{"start":{"line":45,"column":20},"end":{"line":45,"column":22}},"loc":{"start":{"line":45,"column":22},"end":{"line":45,"column":null}},"line":45}},"branchMap":{"0":{"loc":{"start":{"line":36,"column":14},"end":{"line":36,"column":null}},"type":"binary-expr","locations":[{"start":{"line":36,"column":14},"end":{"line":36,"column":16}},{"start":{"line":36,"column":14},"end":{"line":36,"column":null}}],"line":36},"1":{"loc":{"start":{"line":43,"column":12},"end":{"line":43,"column":99}},"type":"binary-expr","locations":[{"start":{"line":43,"column":12},"end":{"line":43,"column":16}},{"start":{"line":43,"column":12},"end":{"line":43,"column":99}}],"line":43},"2":{"loc":{"start":{"line":45,"column":20},"end":{"line":45,"column":null}},"type":"binary-expr","locations":[{"start":{"line":45,"column":20},"end":{"line":45,"column":22}},{"start":{"line":45,"column":20},"end":{"line":45,"column":null}}],"line":45}},"s":{"0":5,"1":1,"2":1,"3":1,"4":1,"5":1,"6":1,"7":1,"8":1},"f":{"0":1,"1":1},"b":{"0":[4,4],"1":[4,4],"2":[4,4]},"meta":{"lastBranch":3,"lastFunction":2,"lastStatement":9,"seen":{"s:13:18:20:1":0,"s:40:11:40:Infinity":1,"s:41:13:41:Infinity":2,"s:42:15:42:Infinity":3,"s:52:15:52:Infinity":4,"s:58:20:58:64":5,"s:59:19:59:Infinity":6,"b:36:14:36:16:36:14:36:Infinity":0,"f:36:14:36:16":0,"s:36:16:36:Infinity":7,"b:43:12:43:16:43:12:43:99":1,"b:45:20:45:22:45:20:45:Infinity":2,"f:45:20:45:22":1,"s:45:22:45:Infinity":8}}}
,"C:\\Users\\ptheodosiou\\Documents\\personal\\focus-flow\\src\\components\\tasks\\TaskInput.vue": {"path":"C:\\Users\\ptheodosiou\\Documents\\personal\\focus-flow\\src\\components\\tasks\\TaskInput.vue","statementMap":{"0":{"start":{"line":12,"column":13},"end":{"line":12,"column":33}},"1":{"start":{"line":14,"column":19},"end":{"line":14,"column":27}},"2":{"start":{"line":16,"column":22},"end":{"line":21,"column":1}},"3":{"start":{"line":17,"column":2},"end":{"line":20,"column":3}},"4":{"start":{"line":18,"column":4},"end":{"line":18,"column":34}},"5":{"start":{"line":19,"column":4},"end":{"line":19,"column":26}},"6":{"start":{"line":25,"column":7},"end":{"line":25,"column":null}},"7":{"start":{"line":27,"column":15},"end":{"line":27,"column":null}}},"fnMap":{"0":{"name":"(anonymous_0)","decl":{"start":{"line":16,"column":22},"end":{"line":16,"column":23}},"loc":{"start":{"line":16,"column":28},"end":{"line":21,"column":1}},"line":16},"1":{"name":"(anonymous_1)","decl":{"start":{"line":27,"column":15},"end":{"line":27,"column":26}},"loc":{"start":{"line":27,"column":15},"end":{"line":27,"column":null}},"line":27}},"branchMap":{"0":{"loc":{"start":{"line":17,"column":2},"end":{"line":20,"column":3}},"type":"if","locations":[{"start":{"line":17,"column":2},"end":{"line":20,"column":3}},{"start":{},"end":{}}],"line":17},"1":{"loc":{"start":{"line":27,"column":15},"end":{"line":27,"column":null}},"type":"binary-expr","locations":[{"start":{"line":27,"column":15},"end":{"line":27,"column":26}},{"start":{"line":27,"column":15},"end":{"line":27,"column":null}}],"line":27}},"s":{"0":10,"1":10,"2":10,"3":3,"4":2,"5":2,"6":2,"7":4},"f":{"0":3,"1":4},"b":{"0":[2,1],"1":[16,10]},"meta":{"lastBranch":2,"lastFunction":2,"lastStatement":8,"seen":{"s:12:13:12:33":0,"s:14:19:14:27":1,"s:16:22:21:1":2,"f:16:22:16:23":0,"b:17:2:20:3:undefined:undefined:undefined:undefined":0,"s:17:2:20:3":3,"s:18:4:18:34":4,"s:19:4:19:26":5,"s:25:7:25:Infinity":6,"b:27:15:27:26:27:15:27:Infinity":1,"f:27:15:27:26":1,"s:27:15:27:Infinity":7}}}
,"C:\\Users\\ptheodosiou\\Documents\\personal\\focus-flow\\src\\components\\tasks\\TaskItem.vue": {"path":"C:\\Users\\ptheodosiou\\Documents\\personal\\focus-flow\\src\\components\\tasks\\TaskItem.vue","statementMap":{"0":{"start":{"line":29,"column":14},"end":{"line":29,"column":null}},"1":{"start":{"line":38,"column":14},"end":{"line":38,"column":null}},"2":{"start":{"line":58,"column":14},"end":{"line":58,"column":null}}},"fnMap":{"0":{"name":"(anonymous_0)","decl":{"start":{"line":29,"column":12},"end":{"line":29,"column":14}},"loc":{"start":{"line":29,"column":14},"end":{"line":29,"column":null}},"line":29},"1":{"name":"(anonymous_1)","decl":{"start":{"line":38,"column":12},"end":{"line":38,"column":14}},"loc":{"start":{"line":38,"column":14},"end":{"line":38,"column":null}},"line":38},"2":{"name":"(anonymous_2)","decl":{"start":{"line":58,"column":12},"end":{"line":58,"column":14}},"loc":{"start":{"line":58,"column":14},"end":{"line":58,"column":null}},"line":58}},"branchMap":{"0":{"loc":{"start":{"line":29,"column":12},"end":{"line":29,"column":null}},"type":"binary-expr","locations":[{"start":{"line":29,"column":12},"end":{"line":29,"column":14}},{"start":{"line":29,"column":12},"end":{"line":29,"column":null}}],"line":29},"1":{"loc":{"start":{"line":38,"column":12},"end":{"line":38,"column":null}},"type":"binary-expr","locations":[{"start":{"line":38,"column":12},"end":{"line":38,"column":14}},{"start":{"line":38,"column":12},"end":{"line":38,"column":null}}],"line":38},"2":{"loc":{"start":{"line":40,"column":25},"end":{"line":40,"column":137}},"type":"cond-expr","locations":[{"start":{"line":40,"column":39},"end":{"line":40,"column":137}},{"start":{"line":40,"column":39},"end":{"line":40,"column":137}}],"line":40},"3":{"loc":{"start":{"line":40,"column":137},"end":{"line":40,"column":null}},"type":"cond-expr","locations":[{"start":{"line":40,"column":146},"end":{"line":40,"column":null}},{"start":{"line":40,"column":146},"end":{"line":40,"column":null}}],"line":40},"4":{"loc":{"start":{"line":58,"column":12},"end":{"line":58,"column":null}},"type":"binary-expr","locations":[{"start":{"line":58,"column":12},"end":{"line":58,"column":14}},{"start":{"line":58,"column":12},"end":{"line":58,"column":null}}],"line":58}},"s":{"0":1,"1":1,"2":1},"f":{"0":1,"1":1,"2":1},"b":{"0":[16,16],"1":[16,16],"2":[6,10],"3":[1,15],"4":[16,16]},"meta":{"lastBranch":5,"lastFunction":3,"lastStatement":3,"seen":{"b:29:12:29:14:29:12:29:Infinity":0,"f:29:12:29:14":0,"s:29:14:29:Infinity":0,"b:38:12:38:14:38:12:38:Infinity":1,"f:38:12:38:14":1,"s:38:14:38:Infinity":1,"b:40:39:40:137:40:39:40:137":2,"b:40:146:40:Infinity:40:146:40:Infinity":3,"b:58:12:58:14:58:12:58:Infinity":4,"f:58:12:58:14":2,"s:58:14:58:Infinity":2}}}
,"C:\\Users\\ptheodosiou\\Documents\\personal\\focus-flow\\src\\components\\tasks\\TaskList.vue": {"path":"C:\\Users\\ptheodosiou\\Documents\\personal\\focus-flow\\src\\components\\tasks\\TaskList.vue","statementMap":{"0":{"start":{"line":6,"column":81},"end":{"line":6,"column":92}},"1":{"start":{"line":8,"column":24},"end":{"line":14,"column":1}},"2":{"start":{"line":9,"column":2},"end":{"line":13,"column":3}},"3":{"start":{"line":10,"column":4},"end":{"line":10,"column":24}},"4":{"start":{"line":12,"column":4},"end":{"line":12,"column":26}},"5":{"start":{"line":18,"column":7},"end":{"line":18,"column":null}},"6":{"start":{"line":28,"column":9},"end":{"line":28,"column":null}},"7":{"start":{"line":34,"column":17},"end":{"line":34,"column":null}},"8":{"start":{"line":35,"column":16},"end":{"line":35,"column":null}},"9":{"start":{"line":36,"column":17},"end":{"line":36,"column":null}},"10":{"start":{"line":47,"column":37},"end":{"line":47,"column":59}}},"fnMap":{"0":{"name":"(anonymous_0)","decl":{"start":{"line":8,"column":24},"end":{"line":8,"column":25}},"loc":{"start":{"line":8,"column":36},"end":{"line":14,"column":1}},"line":8},"1":{"name":"(anonymous_1)","decl":{"start":{"line":34,"column":15},"end":{"line":34,"column":17}},"loc":{"start":{"line":34,"column":17},"end":{"line":34,"column":null}},"line":34},"2":{"name":"(anonymous_2)","decl":{"start":{"line":35,"column":14},"end":{"line":35,"column":16}},"loc":{"start":{"line":35,"column":16},"end":{"line":35,"column":null}},"line":35},"3":{"name":"(anonymous_3)","decl":{"start":{"line":36,"column":15},"end":{"line":36,"column":17}},"loc":{"start":{"line":36,"column":17},"end":{"line":36,"column":null}},"line":36},"4":{"name":"(anonymous_4)","decl":{"start":{"line":47,"column":32},"end":{"line":47,"column":33}},"loc":{"start":{"line":47,"column":37},"end":{"line":47,"column":59}},"line":47}},"branchMap":{"0":{"loc":{"start":{"line":9,"column":2},"end":{"line":13,"column":3}},"type":"if","locations":[{"start":{"line":9,"column":2},"end":{"line":13,"column":3}},{"start":{"line":11,"column":9},"end":{"line":13,"column":3}}],"line":9},"1":{"loc":{"start":{"line":46,"column":6},"end":{"line":46,"column":73}},"type":"binary-expr","locations":[{"start":{"line":46,"column":6},"end":{"line":46,"column":11}},{"start":{"line":46,"column":6},"end":{"line":46,"column":73}}],"line":46}},"s":{"0":5,"1":5,"2":1,"3":0,"4":1,"5":1,"6":1,"7":1,"8":1,"9":1,"10":10},"f":{"0":1,"1":1,"2":1,"3":1,"4":10},"b":{"0":[0,1],"1":[5,5]},"meta":{"lastBranch":2,"lastFunction":5,"lastStatement":11,"seen":{"s:6:81:6:92":0,"s:8:24:14:1":1,"f:8:24:8:25":0,"b:9:2:13:3:11:9:13:3":0,"s:9:2:13:3":2,"s:10:4:10:24":3,"s:12:4:12:26":4,"s:18:7:18:Infinity":5,"s:28:9:28:Infinity":6,"f:34:15:34:17":1,"s:34:17:34:Infinity":7,"f:35:14:35:16":2,"s:35:16:35:Infinity":8,"f:36:15:36:17":3,"s:36:17:36:Infinity":9,"b:46:6:46:11:46:6:46:73":1,"f:47:32:47:33":4,"s:47:37:47:59":10}}}
,"C:\\Users\\ptheodosiou\\Documents\\personal\\focus-flow\\src\\components\\timer\\ModeSwitcher.vue": {"path":"C:\\Users\\ptheodosiou\\Documents\\personal\\focus-flow\\src\\components\\timer\\ModeSwitcher.vue","statementMap":{"0":{"start":{"line":11,"column":14},"end":{"line":15,"column":1}},"1":{"start":{"line":19,"column":7},"end":{"line":19,"column":null}},"2":{"start":{"line":20,"column":4},"end":{"line":31,"column":null}},"3":{"start":{"line":23,"column":14},"end":{"line":23,"column":null}}},"fnMap":{"0":{"name":"(anonymous_0)","decl":{"start":{"line":23,"column":12},"end":{"line":23,"column":14}},"loc":{"start":{"line":23,"column":14},"end":{"line":23,"column":null}},"line":23}},"branchMap":{},"s":{"0":7,"1":2,"2":21,"3":1},"f":{"0":1},"b":{},"meta":{"lastBranch":0,"lastFunction":1,"lastStatement":4,"seen":{"s:11:14:15:1":0,"s:19:7:19:Infinity":1,"s:20:4:31:Infinity":2,"f:23:12:23:14":0,"s:23:14:23:Infinity":3}}}
,"C:\\Users\\ptheodosiou\\Documents\\personal\\focus-flow\\src\\components\\timer\\TimerCard.vue": {"path":"C:\\Users\\ptheodosiou\\Documents\\personal\\focus-flow\\src\\components\\timer\\TimerCard.vue","statementMap":{"0":{"start":{"line":12,"column":13},"end":{"line":12,"column":44}},"1":{"start":{"line":13,"column":14},"end":{"line":13,"column":26}},"2":{"start":{"line":28,"column":3},"end":{"line":28,"column":14}},"3":{"start":{"line":30,"column":19},"end":{"line":30,"column":30}},"4":{"start":{"line":31,"column":38},"end":{"line":31,"column":49}},"5":{"start":{"line":33,"column":21},"end":{"line":33,"column":32}},"6":{"start":{"line":34,"column":19},"end":{"line":34,"column":27}},"7":{"start":{"line":37,"column":16},"end":{"line":41,"column":2}},"8":{"start":{"line":38,"column":20},"end":{"line":38,"column":37}},"9":{"start":{"line":39,"column":2},"end":{"line":39,"column":31}},"10":{"start":{"line":39,"column":23},"end":{"line":39,"column":31}},"11":{"start":{"line":40,"column":2},"end":{"line":40,"column":57}},"12":{"start":{"line":43,"column":24},"end":{"line":48,"column":2}},"13":{"start":{"line":44,"column":12},"end":{"line":44,"column":26}},"14":{"start":{"line":45,"column":23},"end":{"line":45,"column":114}},"15":{"start":{"line":46,"column":18},"end":{"line":46,"column":58}},"16":{"start":{"line":47,"column":2},"end":{"line":47,"column":77}},"17":{"start":{"line":50,"column":22},"end":{"line":56,"column":1}},"18":{"start":{"line":51,"column":2},"end":{"line":55,"column":3}},"19":{"start":{"line":52,"column":4},"end":{"line":52,"column":30}},"20":{"start":{"line":53,"column":4},"end":{"line":53,"column":26}},"21":{"start":{"line":54,"column":4},"end":{"line":54,"column":31}},"22":{"start":{"line":58,"column":24},"end":{"line":66,"column":1}},"23":{"start":{"line":59,"column":2},"end":{"line":59,"column":44}},"24":{"start":{"line":60,"column":2},"end":{"line":65,"column":3}},"25":{"start":{"line":62,"column":4},"end":{"line":64,"column":11}},"26":{"start":{"line":63,"column":6},"end":{"line":63,"column":52}},"27":{"start":{"line":68,"column":22},"end":{"line":94,"column":1}},"28":{"start":{"line":70,"column":2},"end":{"line":70,"column":77}},"29":{"start":{"line":70,"column":71},"end":{"line":70,"column":77}},"30":{"start":{"line":72,"column":2},"end":{"line":93,"column":3}},"31":{"start":{"line":74,"column":6},"end":{"line":74,"column":24}},"32":{"start":{"line":75,"column":6},"end":{"line":76,"column":18}},"33":{"start":{"line":75,"column":27},"end":{"line":75,"column":34}},"34":{"start":{"line":76,"column":11},"end":{"line":76,"column":18}},"35":{"start":{"line":77,"column":6},"end":{"line":77,"column":11}},"36":{"start":{"line":79,"column":6},"end":{"line":79,"column":13}},"37":{"start":{"line":80,"column":6},"end":{"line":80,"column":11}},"38":{"start":{"line":82,"column":6},"end":{"line":82,"column":21}},"39":{"start":{"line":83,"column":6},"end":{"line":83,"column":11}},"40":{"start":{"line":85,"column":6},"end":{"line":85,"column":22}},"41":{"start":{"line":86,"column":6},"end":{"line":86,"column":11}},"42":{"start":{"line":88,"column":6},"end":{"line":88,"column":21}},"43":{"start":{"line":89,"column":6},"end":{"line":89,"column":11}},"44":{"start":{"line":91,"column":6},"end":{"line":91,"column":30}},"45":{"start":{"line":92,"column":6},"end":{"line":92,"column":11}},"46":{"start":{"line":96,"column":0},"end":{"line":98,"column":2}},"47":{"start":{"line":97,"column":2},"end":{"line":97,"column":51}},"48":{"start":{"line":100,"column":0},"end":{"line":102,"column":2}},"49":{"start":{"line":101,"column":2},"end":{"line":101,"column":54}},"50":{"start":{"line":110,"column":9},"end":{"line":110,"column":null}},"51":{"start":{"line":111,"column":11},"end":{"line":111,"column":null}},"52":{"start":{"line":160,"column":11},"end":{"line":160,"column":null}},"53":{"start":{"line":163,"column":13},"end":{"line":163,"column":null}},"54":{"start":{"line":181,"column":13},"end":{"line":181,"column":null}},"55":{"start":{"line":182,"column":15},"end":{"line":182,"column":76}},"56":{"start":{"line":183,"column":28},"end":{"line":183,"column":72}},"57":{"start":{"line":187,"column":15},"end":{"line":187,"column":null}},"58":{"start":{"line":114,"column":18},"end":{"line":114,"column":null}},"59":{"start":{"line":123,"column":18},"end":{"line":123,"column":null}},"60":{"start":{"line":132,"column":18},"end":{"line":132,"column":null}},"61":{"start":{"line":141,"column":18},"end":{"line":141,"column":28}},"62":{"start":{"line":151,"column":18},"end":{"line":151,"column":32}},"63":{"start":{"line":199,"column":25},"end":{"line":199,"column":null}},"64":{"start":{"line":201,"column":28},"end":{"line":201,"column":null}}},"fnMap":{"0":{"name":"(anonymous_0)","decl":{"start":{"line":37,"column":26},"end":{"line":37,"column":27}},"loc":{"start":{"line":37,"column":32},"end":{"line":41,"column":1}},"line":37},"1":{"name":"(anonymous_1)","decl":{"start":{"line":43,"column":34},"end":{"line":43,"column":35}},"loc":{"start":{"line":43,"column":40},"end":{"line":48,"column":1}},"line":43},"2":{"name":"(anonymous_2)","decl":{"start":{"line":50,"column":22},"end":{"line":50,"column":23}},"loc":{"start":{"line":50,"column":28},"end":{"line":56,"column":1}},"line":50},"3":{"name":"(anonymous_3)","decl":{"start":{"line":58,"column":24},"end":{"line":58,"column":25}},"loc":{"start":{"line":58,"column":30},"end":{"line":66,"column":1}},"line":58},"4":{"name":"(anonymous_4)","decl":{"start":{"line":62,"column":15},"end":{"line":62,"column":16}},"loc":{"start":{"line":62,"column":21},"end":{"line":64,"column":5}},"line":62},"5":{"name":"(anonymous_5)","decl":{"start":{"line":68,"column":22},"end":{"line":68,"column":23}},"loc":{"start":{"line":68,"column":29},"end":{"line":94,"column":1}},"line":68},"6":{"name":"(anonymous_6)","decl":{"start":{"line":96,"column":10},"end":{"line":96,"column":11}},"loc":{"start":{"line":96,"column":16},"end":{"line":98,"column":1}},"line":96},"7":{"name":"(anonymous_7)","decl":{"start":{"line":100,"column":12},"end":{"line":100,"column":13}},"loc":{"start":{"line":100,"column":18},"end":{"line":102,"column":1}},"line":100},"8":{"name":"(anonymous_8)","decl":{"start":{"line":114,"column":16},"end":{"line":114,"column":18}},"loc":{"start":{"line":114,"column":18},"end":{"line":114,"column":null}},"line":114},"9":{"name":"(anonymous_9)","decl":{"start":{"line":123,"column":16},"end":{"line":123,"column":18}},"loc":{"start":{"line":123,"column":18},"end":{"line":123,"column":null}},"line":123},"10":{"name":"(anonymous_10)","decl":{"start":{"line":132,"column":16},"end":{"line":132,"column":18}},"loc":{"start":{"line":132,"column":18},"end":{"line":132,"column":null}},"line":132},"11":{"name":"(anonymous_11)","decl":{"start":{"line":141,"column":16},"end":{"line":141,"column":18}},"loc":{"start":{"line":141,"column":18},"end":{"line":141,"column":28}},"line":141},"12":{"name":"(anonymous_12)","decl":{"start":{"line":151,"column":16},"end":{"line":151,"column":18}},"loc":{"start":{"line":151,"column":18},"end":{"line":151,"column":32}},"line":151},"13":{"name":"(anonymous_13)","decl":{"start":{"line":199,"column":25},"end":{"line":199,"column":36}},"loc":{"start":{"line":199,"column":25},"end":{"line":199,"column":null}},"line":199},"14":{"name":"(anonymous_14)","decl":{"start":{"line":201,"column":28},"end":{"line":201,"column":41}},"loc":{"start":{"line":201,"column":28},"end":{"line":201,"column":null}},"line":201}},"branchMap":{"0":{"loc":{"start":{"line":39,"column":2},"end":{"line":39,"column":31}},"type":"if","locations":[{"start":{"line":39,"column":2},"end":{"line":39,"column":31}},{"start":{},"end":{}}],"line":39},"1":{"loc":{"start":{"line":45,"column":23},"end":{"line":45,"column":114}},"type":"binary-expr","locations":[{"start":{"line":45,"column":23},"end":{"line":45,"column":101}},{"start":{"line":45,"column":105},"end":{"line":45,"column":114}}],"line":45},"2":{"loc":{"start":{"line":46,"column":18},"end":{"line":46,"column":58}},"type":"cond-expr","locations":[{"start":{"line":46,"column":37},"end":{"line":46,"column":46}},{"start":{"line":46,"column":49},"end":{"line":46,"column":58}}],"line":46},"3":{"loc":{"start":{"line":51,"column":2},"end":{"line":55,"column":3}},"type":"if","locations":[{"start":{"line":51,"column":2},"end":{"line":55,"column":3}},{"start":{},"end":{}}],"line":51},"4":{"loc":{"start":{"line":60,"column":2},"end":{"line":65,"column":3}},"type":"if","locations":[{"start":{"line":60,"column":2},"end":{"line":65,"column":3}},{"start":{},"end":{}}],"line":60},"5":{"loc":{"start":{"line":70,"column":2},"end":{"line":70,"column":77}},"type":"if","locations":[{"start":{"line":70,"column":2},"end":{"line":70,"column":77}},{"start":{},"end":{}}],"line":70},"6":{"loc":{"start":{"line":70,"column":6},"end":{"line":70,"column":69}},"type":"binary-expr","locations":[{"start":{"line":70,"column":6},"end":{"line":70,"column":34}},{"start":{"line":70,"column":38},"end":{"line":70,"column":69}}],"line":70},"7":{"loc":{"start":{"line":72,"column":2},"end":{"line":93,"column":3}},"type":"switch","locations":[{"start":{"line":73,"column":4},"end":{"line":77,"column":11}},{"start":{"line":78,"column":4},"end":{"line":80,"column":11}},{"start":{"line":81,"column":4},"end":{"line":83,"column":11}},{"start":{"line":84,"column":4},"end":{"line":86,"column":11}},{"start":{"line":87,"column":4},"end":{"line":89,"column":11}},{"start":{"line":90,"column":4},"end":{"line":92,"column":11}}],"line":72},"8":{"loc":{"start":{"line":75,"column":6},"end":{"line":76,"column":18}},"type":"if","locations":[{"start":{"line":75,"column":6},"end":{"line":76,"column":18}},{"start":{"line":76,"column":11},"end":{"line":76,"column":18}}],"line":75},"9":{"loc":{"start":{"line":114,"column":16},"end":{"line":114,"column":null}},"type":"binary-expr","locations":[{"start":{"line":114,"column":16},"end":{"line":114,"column":18}},{"start":{"line":114,"column":16},"end":{"line":114,"column":null}}],"line":114},"10":{"loc":{"start":{"line":123,"column":16},"end":{"line":123,"column":null}},"type":"binary-expr","locations":[{"start":{"line":123,"column":16},"end":{"line":123,"column":18}},{"start":{"line":123,"column":16},"end":{"line":123,"column":null}}],"line":123},"11":{"loc":{"start":{"line":132,"column":16},"end":{"line":132,"column":null}},"type":"binary-expr","locations":[{"start":{"line":132,"column":16},"end":{"line":132,"column":18}},{"start":{"line":132,"column":16},"end":{"line":132,"column":null}}],"line":132},"12":{"loc":{"start":{"line":141,"column":16},"end":{"line":141,"column":null}},"type":"binary-expr","locations":[{"start":{"line":141,"column":16},"end":{"line":141,"column":18}},{"start":{"line":141,"column":16},"end":{"line":141,"column":null}}],"line":141},"13":{"loc":{"start":{"line":141,"column":18},"end":{"line":141,"column":28}},"type":"binary-expr","locations":[{"start":{"line":141,"column":18},"end":{"line":141,"column":28}},{"start":{"line":141,"column":18},"end":{"line":141,"column":28}}],"line":141},"14":{"loc":{"start":{"line":143,"column":18},"end":{"line":143,"column":null}},"type":"cond-expr","locations":[{"start":{"line":143,"column":25},"end":{"line":143,"column":null}},{"start":{"line":143,"column":25},"end":{"line":143,"column":null}}],"line":143},"15":{"loc":{"start":{"line":151,"column":16},"end":{"line":151,"column":null}},"type":"binary-expr","locations":[{"start":{"line":151,"column":16},"end":{"line":151,"column":18}},{"start":{"line":151,"column":16},"end":{"line":151,"column":null}}],"line":151},"16":{"loc":{"start":{"line":151,"column":18},"end":{"line":151,"column":32}},"type":"binary-expr","locations":[{"start":{"line":151,"column":18},"end":{"line":151,"column":32}},{"start":{"line":151,"column":18},"end":{"line":151,"column":32}}],"line":151},"17":{"loc":{"start":{"line":153,"column":18},"end":{"line":153,"column":null}},"type":"cond-expr","locations":[{"start":{"line":153,"column":28},"end":{"line":153,"column":null}},{"start":{"line":153,"column":28},"end":{"line":153,"column":null}}],"line":153},"18":{"loc":{"start":{"line":182,"column":76},"end":{"line":183,"column":28}},"type":"binary-expr","locations":[{"start":{"line":182,"column":76},"end":{"line":182,"column":null}},{"start":{"line":182,"column":76},"end":{"line":183,"column":28}}],"line":182},"19":{"loc":{"start":{"line":194,"column":16},"end":{"line":194,"column":37}},"type":"binary-expr","locations":[{"start":{"line":194,"column":16},"end":{"line":194,"column":22}},{"start":{"line":194,"column":16},"end":{"line":194,"column":37}}],"line":194},"20":{"loc":{"start":{"line":199,"column":25},"end":{"line":199,"column":null}},"type":"binary-expr","locations":[{"start":{"line":199,"column":25},"end":{"line":199,"column":36}},{"start":{"line":199,"column":25},"end":{"line":199,"column":null}}],"line":199},"21":{"loc":{"start":{"line":201,"column":28},"end":{"line":201,"column":null}},"type":"binary-expr","locations":[{"start":{"line":201,"column":28},"end":{"line":201,"column":41}},{"start":{"line":201,"column":28},"end":{"line":201,"column":null}}],"line":201}},"s":{"0":4,"1":4,"2":4,"3":4,"4":4,"5":4,"6":4,"7":4,"8":4,"9":4,"10":0,"11":4,"12":4,"13":4,"14":4,"15":4,"16":4,"17":4,"18":0,"19":0,"20":0,"21":0,"22":4,"23":0,"24":0,"25":0,"26":0,"27":4,"28":0,"29":0,"30":0,"31":0,"32":0,"33":0,"34":0,"35":0,"36":0,"37":0,"38":0,"39":0,"40":0,"41":0,"42":0,"43":0,"44":0,"45":0,"46":4,"47":4,"48":4,"49":0,"50":1,"51":1,"52":1,"53":1,"54":1,"55":1,"56":1,"57":1,"58":0,"59":0,"60":0,"61":0,"62":0,"63":0,"64":0},"f":{"0":4,"1":4,"2":0,"3":0,"4":0,"5":0,"6":4,"7":0,"8":0,"9":0,"10":0,"11":0,"12":0,"13":0,"14":0},"b":{"0":[0,4],"1":[4,4],"2":[0,4],"3":[0,0],"4":[0,0],"5":[0,0],"6":[0,0],"7":[0,0,0,0,0,0],"8":[0,0],"9":[4,4],"10":[4,4],"11":[4,4],"12":[4,4],"13":[0,0],"14":[0,4],"15":[4,4],"16":[0,0],"17":[4,0],"18":[4,4],"19":[4,4],"20":[0,0],"21":[0,0]},"meta":{"lastBranch":22,"lastFunction":15,"lastStatement":65,"seen":{"s:12:13:12:44":0,"s:13:14:13:26":1,"s:28:3:28:14":2,"s:30:19:30:30":3,"s:31:38:31:49":4,"s:33:21:33:32":5,"s:34:19:34:27":6,"s:37:16:41:2":7,"f:37:26:37:27":0,"s:38:20:38:37":8,"b:39:2:39:31:undefined:undefined:undefined:undefined":0,"s:39:2:39:31":9,"s:39:23:39:31":10,"s:40:2:40:57":11,"s:43:24:48:2":12,"f:43:34:43:35":1,"s:44:12:44:26":13,"s:45:23:45:114":14,"b:45:23:45:101:45:105:45:114":1,"s:46:18:46:58":15,"b:46:37:46:46:46:49:46:58":2,"s:47:2:47:77":16,"s:50:22:56:1":17,"f:50:22:50:23":2,"b:51:2:55:3:undefined:undefined:undefined:undefined":3,"s:51:2:55:3":18,"s:52:4:52:30":19,"s:53:4:53:26":20,"s:54:4:54:31":21,"s:58:24:66:1":22,"f:58:24:58:25":3,"s:59:2:59:44":23,"b:60:2:65:3:undefined:undefined:undefined:undefined":4,"s:60:2:65:3":24,"s:62:4:64:11":25,"f:62:15:62:16":4,"s:63:6:63:52":26,"s:68:22:94:1":27,"f:68:22:68:23":5,"b:70:2:70:77:undefined:undefined:undefined:undefined":5,"s:70:2:70:77":28,"b:70:6:70:34:70:38:70:69":6,"s:70:71:70:77":29,"b:73:4:77:11:78:4:80:11:81:4:83:11:84:4:86:11:87:4:89:11:90:4:92:11":7,"s:72:2:93:3":30,"s:74:6:74:24":31,"b:75:6:76:18:76:11:76:18":8,"s:75:6:76:18":32,"s:75:27:75:34":33,"s:76:11:76:18":34,"s:77:6:77:11":35,"s:79:6:79:13":36,"s:80:6:80:11":37,"s:82:6:82:21":38,"s:83:6:83:11":39,"s:85:6:85:22":40,"s:86:6:86:11":41,"s:88:6:88:21":42,"s:89:6:89:11":43,"s:91:6:91:30":44,"s:92:6:92:11":45,"s:96:0:98:2":46,"f:96:10:96:11":6,"s:97:2:97:51":47,"s:100:0:102:2":48,"f:100:12:100:13":7,"s:101:2:101:54":49,"s:110:9:110:Infinity":50,"s:111:11:111:Infinity":51,"s:160:11:160:Infinity":52,"s:163:13:163:Infinity":53,"s:181:13:181:Infinity":54,"s:182:15:182:76":55,"s:183:28:183:72":56,"s:187:15:187:Infinity":57,"b:114:16:114:18:114:16:114:Infinity":9,"f:114:16:114:18":8,"s:114:18:114:Infinity":58,"b:123:16:123:18:123:16:123:Infinity":10,"f:123:16:123:18":9,"s:123:18:123:Infinity":59,"b:132:16:132:18:132:16:132:Infinity":11,"f:132:16:132:18":10,"s:132:18:132:Infinity":60,"b:141:16:141:18:141:16:141:Infinity":12,"f:141:16:141:18":11,"s:141:18:141:28":61,"b:141:18:141:28:141:18:141:28":13,"b:143:25:143:Infinity:143:25:143:Infinity":14,"b:151:16:151:18:151:16:151:Infinity":15,"f:151:16:151:18":12,"s:151:18:151:32":62,"b:151:18:151:32:151:18:151:32":16,"b:153:28:153:Infinity:153:28:153:Infinity":17,"b:182:76:182:Infinity:182:76:183:28":18,"b:194:16:194:22:194:16:194:37":19,"b:199:25:199:36:199:25:199:Infinity":20,"f:199:25:199:36":13,"s:199:25:199:Infinity":63,"b:201:28:201:41:201:28:201:Infinity":21,"f:201:28:201:41":14,"s:201:28:201:Infinity":64}}}
,"C:\\Users\\ptheodosiou\\Documents\\personal\\focus-flow\\src\\components\\timer\\TimerControls.vue": {"path":"C:\\Users\\ptheodosiou\\Documents\\personal\\focus-flow\\src\\components\\timer\\TimerControls.vue","statementMap":{"0":{"start":{"line":13,"column":83},"end":{"line":13,"column":94}},"1":{"start":{"line":17,"column":7},"end":{"line":17,"column":null}},"2":{"start":{"line":20,"column":14},"end":{"line":20,"column":null}},"3":{"start":{"line":27,"column":14},"end":{"line":27,"column":null}},"4":{"start":{"line":33,"column":14},"end":{"line":33,"column":null}},"5":{"start":{"line":42,"column":14},"end":{"line":42,"column":43}}},"fnMap":{"0":{"name":"(anonymous_0)","decl":{"start":{"line":20,"column":12},"end":{"line":20,"column":14}},"loc":{"start":{"line":20,"column":14},"end":{"line":20,"column":null}},"line":20},"1":{"name":"(anonymous_1)","decl":{"start":{"line":27,"column":12},"end":{"line":27,"column":14}},"loc":{"start":{"line":27,"column":14},"end":{"line":27,"column":null}},"line":27},"2":{"name":"(anonymous_2)","decl":{"start":{"line":33,"column":12},"end":{"line":33,"column":14}},"loc":{"start":{"line":33,"column":14},"end":{"line":33,"column":null}},"line":33},"3":{"name":"(anonymous_3)","decl":{"start":{"line":42,"column":12},"end":{"line":42,"column":14}},"loc":{"start":{"line":42,"column":14},"end":{"line":42,"column":43}},"line":42}},"branchMap":{"0":{"loc":{"start":{"line":19,"column":13},"end":{"line":31,"column":13}},"type":"cond-expr","locations":[{"start":{"line":18,"column":4},"end":{"line":24,"column":13}},{"start":{"line":25,"column":4},"end":{"line":31,"column":13}}],"line":19},"1":{"loc":{"start":{"line":20,"column":12},"end":{"line":20,"column":null}},"type":"binary-expr","locations":[{"start":{"line":20,"column":12},"end":{"line":20,"column":14}},{"start":{"line":20,"column":12},"end":{"line":20,"column":null}}],"line":20},"2":{"loc":{"start":{"line":27,"column":12},"end":{"line":27,"column":null}},"type":"binary-expr","locations":[{"start":{"line":27,"column":12},"end":{"line":27,"column":14}},{"start":{"line":27,"column":12},"end":{"line":27,"column":null}}],"line":27},"3":{"loc":{"start":{"line":33,"column":12},"end":{"line":33,"column":null}},"type":"binary-expr","locations":[{"start":{"line":33,"column":12},"end":{"line":33,"column":14}},{"start":{"line":33,"column":12},"end":{"line":33,"column":null}}],"line":33},"4":{"loc":{"start":{"line":42,"column":12},"end":{"line":42,"column":null}},"type":"binary-expr","locations":[{"start":{"line":42,"column":12},"end":{"line":42,"column":14}},{"start":{"line":42,"column":12},"end":{"line":42,"column":null}}],"line":42},"5":{"loc":{"start":{"line":42,"column":14},"end":{"line":42,"column":43}},"type":"binary-expr","locations":[{"start":{"line":42,"column":14},"end":{"line":42,"column":43}},{"start":{"line":42,"column":14},"end":{"line":42,"column":43}}],"line":42}},"s":{"0":10,"1":2,"2":1,"3":1,"4":1,"5":1},"f":{"0":1,"1":1,"2":1,"3":1},"b":{"0":[8,2],"1":[8,8],"2":[2,2],"3":[10,10],"4":[6,6],"5":[1,1]},"meta":{"lastBranch":6,"lastFunction":4,"lastStatement":6,"seen":{"s:13:83:13:94":0,"s:17:7:17:Infinity":1,"b:18:4:24:13:25:4:31:13":0,"b:20:12:20:14:20:12:20:Infinity":1,"f:20:12:20:14":0,"s:20:14:20:Infinity":2,"b:27:12:27:14:27:12:27:Infinity":2,"f:27:12:27:14":1,"s:27:14:27:Infinity":3,"b:33:12:33:14:33:12:33:Infinity":3,"f:33:12:33:14":2,"s:33:14:33:Infinity":4,"b:42:12:42:14:42:12:42:Infinity":4,"f:42:12:42:14":3,"s:42:14:42:43":5,"b:42:14:42:43:42:14:42:43":5}}}
,"C:\\Users\\ptheodosiou\\Documents\\personal\\focus-flow\\src\\components\\timer\\TimerDisplay.vue": {"path":"C:\\Users\\ptheodosiou\\Documents\\personal\\focus-flow\\src\\components\\timer\\TimerDisplay.vue","statementMap":{"0":{"start":{"line":11,"column":7},"end":{"line":11,"column":null}},"1":{"start":{"line":11,"column":2},"end":{"line":12,"column":null}}},"fnMap":{},"branchMap":{},"s":{"0":2,"1":7},"f":{},"b":{},"meta":{"lastBranch":0,"lastFunction":0,"lastStatement":2,"seen":{"s:11:7:11:Infinity":0,"s:11:2:12:Infinity":1}}}
,"C:\\Users\\ptheodosiou\\Documents\\personal\\focus-flow\\src\\composables\\useTasks.js": {"path":"C:\\Users\\ptheodosiou\\Documents\\personal\\focus-flow\\src\\composables\\useTasks.js","statementMap":{"0":{"start":{"line":4,"column":13},"end":{"line":4,"column":21}},"1":{"start":{"line":5,"column":21},"end":{"line":5,"column":31}},"2":{"start":{"line":8,"column":19},"end":{"line":8,"column":59}},"3":{"start":{"line":9,"column":0},"end":{"line":11,"column":1}},"4":{"start":{"line":10,"column":4},"end":{"line":10,"column":41}},"5":{"start":{"line":13,"column":25},"end":{"line":13,"column":72}},"6":{"start":{"line":14,"column":0},"end":{"line":16,"column":1}},"7":{"start":{"line":15,"column":4},"end":{"line":15,"column":43}},"8":{"start":{"line":19,"column":22},"end":{"line":21,"column":5}},"9":{"start":{"line":20,"column":8},"end":{"line":20,"column":78}},"10":{"start":{"line":23,"column":20},"end":{"line":37,"column":5}},"11":{"start":{"line":24,"column":8},"end":{"line":24,"column":33}},"12":{"start":{"line":24,"column":26},"end":{"line":24,"column":33}},"13":{"start":{"line":26,"column":24},"end":{"line":32,"column":9}},"14":{"start":{"line":34,"column":8},"end":{"line":34,"column":34}},"15":{"start":{"line":35,"column":8},"end":{"line":35,"column":20}},"16":{"start":{"line":36,"column":8},"end":{"line":36,"column":26}},"17":{"start":{"line":39,"column":23},"end":{"line":45,"column":5}},"18":{"start":{"line":40,"column":21},"end":{"line":40,"column":55}},"19":{"start":{"line":40,"column":43},"end":{"line":40,"column":54}},"20":{"start":{"line":41,"column":8},"end":{"line":44,"column":9}},"21":{"start":{"line":42,"column":12},"end":{"line":42,"column":45}},"22":{"start":{"line":43,"column":12},"end":{"line":43,"column":24}},"23":{"start":{"line":47,"column":23},"end":{"line":54,"column":5}},"24":{"start":{"line":48,"column":8},"end":{"line":48,"column":59}},"25":{"start":{"line":48,"column":46},"end":{"line":48,"column":57}},"26":{"start":{"line":49,"column":8},"end":{"line":52,"column":9}},"27":{"start":{"line":50,"column":12},"end":{"line":50,"column":39}},"28":{"start":{"line":51,"column":12},"end":{"line":51,"column":63}},"29":{"start":{"line":53,"column":8},"end":{"line":53,"column":20}},"30":{"start":{"line":56,"column":27},"end":{"line":63,"column":5}},"31":{"start":{"line":57,"column":8},"end":{"line":57,"column":33}},"32":{"start":{"line":58,"column":8},"end":{"line":62,"column":9}},"33":{"start":{"line":59,"column":12},"end":{"line":59,"column":64}},"34":{"start":{"line":61,"column":12},"end":{"line":61,"column":63}},"35":{"start":{"line":65,"column":33},"end":{"line":71,"column":5}},"36":{"start":{"line":66,"column":21},"end":{"line":66,"column":59}},"37":{"start":{"line":66,"column":43},"end":{"line":66,"column":58}},"38":{"start":{"line":67,"column":8},"end":{"line":70,"column":9}},"39":{"start":{"line":68,"column":12},"end":{"line":68,"column":28}},"40":{"start":{"line":69,"column":12},"end":{"line":69,"column":24}},"41":{"start":{"line":73,"column":4},"end":{"line":81,"column":6}}},"fnMap":{"0":{"name":"useTasks","decl":{"start":{"line":18,"column":16},"end":{"line":18,"column":24}},"loc":{"start":{"line":18,"column":27},"end":{"line":82,"column":1}},"line":18},"1":{"name":"(anonymous_1)","decl":{"start":{"line":19,"column":22},"end":{"line":19,"column":23}},"loc":{"start":{"line":19,"column":28},"end":{"line":21,"column":5}},"line":19},"2":{"name":"(anonymous_2)","decl":{"start":{"line":23,"column":20},"end":{"line":23,"column":21}},"loc":{"start":{"line":23,"column":30},"end":{"line":37,"column":5}},"line":23},"3":{"name":"(anonymous_3)","decl":{"start":{"line":39,"column":23},"end":{"line":39,"column":24}},"loc":{"start":{"line":39,"column":31},"end":{"line":45,"column":5}},"line":39},"4":{"name":"(anonymous_4)","decl":{"start":{"line":40,"column":38},"end":{"line":40,"column":39}},"loc":{"start":{"line":40,"column":43},"end":{"line":40,"column":54}},"line":40},"5":{"name":"(anonymous_5)","decl":{"start":{"line":47,"column":23},"end":{"line":47,"column":24}},"loc":{"start":{"line":47,"column":31},"end":{"line":54,"column":5}},"line":47},"6":{"name":"(anonymous_6)","decl":{"start":{"line":48,"column":41},"end":{"line":48,"column":42}},"loc":{"start":{"line":48,"column":46},"end":{"line":48,"column":57}},"line":48},"7":{"name":"(anonymous_7)","decl":{"start":{"line":56,"column":27},"end":{"line":56,"column":28}},"loc":{"start":{"line":56,"column":35},"end":{"line":63,"column":5}},"line":56},"8":{"name":"(anonymous_8)","decl":{"start":{"line":65,"column":33},"end":{"line":65,"column":34}},"loc":{"start":{"line":65,"column":45},"end":{"line":71,"column":5}},"line":65},"9":{"name":"(anonymous_9)","decl":{"start":{"line":66,"column":38},"end":{"line":66,"column":39}},"loc":{"start":{"line":66,"column":43},"end":{"line":66,"column":58}},"line":66}},"branchMap":{"0":{"loc":{"start":{"line":9,"column":0},"end":{"line":11,"column":1}},"type":"if","locations":[{"start":{"line":9,"column":0},"end":{"line":11,"column":1}},{"start":{},"end":{}}],"line":9},"1":{"loc":{"start":{"line":14,"column":0},"end":{"line":16,"column":1}},"type":"if","locations":[{"start":{"line":14,"column":0},"end":{"line":16,"column":1}},{"start":{},"end":{}}],"line":14},"2":{"loc":{"start":{"line":24,"column":8},"end":{"line":24,"column":33}},"type":"if","locations":[{"start":{"line":24,"column":8},"end":{"line":24,"column":33}},{"start":{},"end":{}}],"line":24},"3":{"loc":{"start":{"line":41,"column":8},"end":{"line":44,"column":9}},"type":"if","locations":[{"start":{"line":41,"column":8},"end":{"line":44,"column":9}},{"start":{},"end":{}}],"line":41},"4":{"loc":{"start":{"line":49,"column":8},"end":{"line":52,"column":9}},"type":"if","locations":[{"start":{"line":49,"column":8},"end":{"line":52,"column":9}},{"start":{},"end":{}}],"line":49},"5":{"loc":{"start":{"line":58,"column":8},"end":{"line":62,"column":9}},"type":"if","locations":[{"start":{"line":58,"column":8},"end":{"line":62,"column":9}},{"start":{"line":60,"column":15},"end":{"line":62,"column":9}}],"line":58},"6":{"loc":{"start":{"line":67,"column":8},"end":{"line":70,"column":9}},"type":"if","locations":[{"start":{"line":67,"column":8},"end":{"line":70,"column":9}},{"start":{},"end":{}}],"line":67}},"s":{"0":1,"1":1,"2":1,"3":1,"4":0,"5":1,"6":1,"7":0,"8":10,"9":9,"10":10,"11":5,"12":0,"13":5,"14":5,"15":5,"16":5,"17":10,"18":2,"19":2,"20":2,"21":2,"22":2,"23":10,"24":1,"25":1,"26":1,"27":0,"28":0,"29":1,"30":10,"31":1,"32":1,"33":1,"34":0,"35":10,"36":1,"37":1,"38":1,"39":1,"40":1,"41":10},"f":{"0":10,"1":9,"2":5,"3":2,"4":2,"5":1,"6":1,"7":1,"8":1,"9":1},"b":{"0":[0,1],"1":[0,1],"2":[0,5],"3":[2,0],"4":[0,1],"5":[1,0],"6":[1,0]},"meta":{"lastBranch":7,"lastFunction":10,"lastStatement":42,"seen":{"s:4:13:4:21":0,"s:5:21:5:31":1,"s:8:19:8:59":2,"b:9:0:11:1:undefined:undefined:undefined:undefined":0,"s:9:0:11:1":3,"s:10:4:10:41":4,"s:13:25:13:72":5,"b:14:0:16:1:undefined:undefined:undefined:undefined":1,"s:14:0:16:1":6,"s:15:4:15:43":7,"f:18:16:18:24":0,"s:19:22:21:5":8,"f:19:22:19:23":1,"s:20:8:20:78":9,"s:23:20:37:5":10,"f:23:20:23:21":2,"b:24:8:24:33:undefined:undefined:undefined:undefined":2,"s:24:8:24:33":11,"s:24:26:24:33":12,"s:26:24:32:9":13,"s:34:8:34:34":14,"s:35:8:35:20":15,"s:36:8:36:26":16,"s:39:23:45:5":17,"f:39:23:39:24":3,"s:40:21:40:55":18,"f:40:38:40:39":4,"s:40:43:40:54":19,"b:41:8:44:9:undefined:undefined:undefined:undefined":3,"s:41:8:44:9":20,"s:42:12:42:45":21,"s:43:12:43:24":22,"s:47:23:54:5":23,"f:47:23:47:24":5,"s:48:8:48:59":24,"f:48:41:48:42":6,"s:48:46:48:57":25,"b:49:8:52:9:undefined:undefined:undefined:undefined":4,"s:49:8:52:9":26,"s:50:12:50:39":27,"s:51:12:51:63":28,"s:53:8:53:20":29,"s:56:27:63:5":30,"f:56:27:56:28":7,"s:57:8:57:33":31,"b:58:8:62:9:60:15:62:9":5,"s:58:8:62:9":32,"s:59:12:59:64":33,"s:61:12:61:63":34,"s:65:33:71:5":35,"f:65:33:65:34":8,"s:66:21:66:59":36,"f:66:38:66:39":9,"s:66:43:66:58":37,"b:67:8:70:9:undefined:undefined:undefined:undefined":6,"s:67:8:70:9":38,"s:68:12:68:28":39,"s:69:12:69:24":40,"s:73:4:81:6":41}}}
,"C:\\Users\\ptheodosiou\\Documents\\personal\\focus-flow\\src\\composables\\useTheme.js": {"path":"C:\\Users\\ptheodosiou\\Documents\\personal\\focus-flow\\src\\composables\\useTheme.js","statementMap":{"0":{"start":{"line":3,"column":15},"end":{"line":29,"column":1}},"1":{"start":{"line":32,"column":27},"end":{"line":43,"column":1}},"2":{"start":{"line":33,"column":19},"end":{"line":33,"column":63}},"3":{"start":{"line":34,"column":4},"end":{"line":41,"column":5}},"4":{"start":{"line":36,"column":8},"end":{"line":38,"column":9}},"5":{"start":{"line":37,"column":12},"end":{"line":37,"column":77}},"6":{"start":{"line":40,"column":8},"end":{"line":40,"column":21}},"7":{"start":{"line":42,"column":4},"end":{"line":42,"column":29}},"8":{"start":{"line":46,"column":18},"end":{"line":46,"column":44}},"9":{"start":{"line":47,"column":20},"end":{"line":47,"column":79}},"10":{"start":{"line":50,"column":19},"end":{"line":69,"column":1}},"11":{"start":{"line":51,"column":17},"end":{"line":51,"column":41}},"12":{"start":{"line":54,"column":4},"end":{"line":58,"column":5}},"13":{"start":{"line":55,"column":8},"end":{"line":55,"column":35}},"14":{"start":{"line":57,"column":8},"end":{"line":57,"column":38}},"15":{"start":{"line":61,"column":18},"end":{"line":61,"column":44}},"16":{"start":{"line":62,"column":4},"end":{"line":65,"column":5}},"17":{"start":{"line":63,"column":8},"end":{"line":63,"column":65}},"18":{"start":{"line":64,"column":8},"end":{"line":64,"column":74}},"19":{"start":{"line":68,"column":4},"end":{"line":68,"column":56}},"20":{"start":{"line":72,"column":0},"end":{"line":74,"column":1}},"21":{"start":{"line":73,"column":4},"end":{"line":73,"column":17}},"22":{"start":{"line":77,"column":27},"end":{"line":89,"column":5}},"23":{"start":{"line":78,"column":8},"end":{"line":78,"column":45}},"24":{"start":{"line":79,"column":8},"end":{"line":79,"column":82}},"25":{"start":{"line":81,"column":8},"end":{"line":81,"column":21}},"26":{"start":{"line":83,"column":21},"end":{"line":83,"column":45}},"27":{"start":{"line":84,"column":8},"end":{"line":88,"column":9}},"28":{"start":{"line":85,"column":12},"end":{"line":85,"column":39}},"29":{"start":{"line":87,"column":12},"end":{"line":87,"column":42}},"30":{"start":{"line":91,"column":21},"end":{"line":97,"column":5}},"31":{"start":{"line":92,"column":8},"end":{"line":96,"column":9}},"32":{"start":{"line":93,"column":12},"end":{"line":93,"column":43}},"33":{"start":{"line":94,"column":12},"end":{"line":94,"column":64}},"34":{"start":{"line":95,"column":12},"end":{"line":95,"column":25}},"35":{"start":{"line":100,"column":3},"end":{"line":102,"column":29}},"36":{"start":{"line":101,"column":8},"end":{"line":101,"column":21}},"37":{"start":{"line":104,"column":4},"end":{"line":111,"column":6}}},"fnMap":{"0":{"name":"(anonymous_0)","decl":{"start":{"line":32,"column":27},"end":{"line":32,"column":28}},"loc":{"start":{"line":32,"column":33},"end":{"line":43,"column":1}},"line":32},"1":{"name":"(anonymous_1)","decl":{"start":{"line":50,"column":19},"end":{"line":50,"column":20}},"loc":{"start":{"line":50,"column":25},"end":{"line":69,"column":1}},"line":50},"2":{"name":"useTheme","decl":{"start":{"line":76,"column":16},"end":{"line":76,"column":24}},"loc":{"start":{"line":76,"column":27},"end":{"line":112,"column":1}},"line":76},"3":{"name":"(anonymous_3)","decl":{"start":{"line":77,"column":27},"end":{"line":77,"column":28}},"loc":{"start":{"line":77,"column":33},"end":{"line":89,"column":5}},"line":77},"4":{"name":"(anonymous_4)","decl":{"start":{"line":91,"column":21},"end":{"line":91,"column":22}},"loc":{"start":{"line":91,"column":36},"end":{"line":97,"column":5}},"line":91},"5":{"name":"(anonymous_5)","decl":{"start":{"line":100,"column":38},"end":{"line":100,"column":39}},"loc":{"start":{"line":100,"column":44},"end":{"line":102,"column":5}},"line":100}},"branchMap":{"0":{"loc":{"start":{"line":34,"column":4},"end":{"line":41,"column":5}},"type":"if","locations":[{"start":{"line":34,"column":4},"end":{"line":41,"column":5}},{"start":{},"end":{}}],"line":34},"1":{"loc":{"start":{"line":36,"column":8},"end":{"line":38,"column":9}},"type":"if","locations":[{"start":{"line":36,"column":8},"end":{"line":38,"column":9}},{"start":{},"end":{}}],"line":36},"2":{"loc":{"start":{"line":36,"column":12},"end":{"line":36,"column":62}},"type":"binary-expr","locations":[{"start":{"line":36,"column":12},"end":{"line":36,"column":41}},{"start":{"line":36,"column":45},"end":{"line":36,"column":62}}],"line":36},"3":{"loc":{"start":{"line":47,"column":25},"end":{"line":47,"column":78}},"type":"binary-expr","locations":[{"start":{"line":47,"column":25},"end":{"line":47,"column":65}},{"start":{"line":47,"column":69},"end":{"line":47,"column":78}}],"line":47},"4":{"loc":{"start":{"line":54,"column":4},"end":{"line":58,"column":5}},"type":"if","locations":[{"start":{"line":54,"column":4},"end":{"line":58,"column":5}},{"start":{"line":56,"column":11},"end":{"line":58,"column":5}}],"line":54},"5":{"loc":{"start":{"line":62,"column":4},"end":{"line":65,"column":5}},"type":"if","locations":[{"start":{"line":62,"column":4},"end":{"line":65,"column":5}},{"start":{},"end":{}}],"line":62},"6":{"loc":{"start":{"line":72,"column":0},"end":{"line":74,"column":1}},"type":"if","locations":[{"start":{"line":72,"column":0},"end":{"line":74,"column":1}},{"start":{},"end":{}}],"line":72},"7":{"loc":{"start":{"line":84,"column":8},"end":{"line":88,"column":9}},"type":"if","locations":[{"start":{"line":84,"column":8},"end":{"line":88,"column":9}},{"start":{"line":86,"column":15},"end":{"line":88,"column":9}}],"line":84},"8":{"loc":{"start":{"line":92,"column":8},"end":{"line":96,"column":9}},"type":"if","locations":[{"start":{"line":92,"column":8},"end":{"line":96,"column":9}},{"start":{},"end":{}}],"line":92}},"s":{"0":1,"1":1,"2":1,"3":1,"4":1,"5":0,"6":1,"7":0,"8":1,"9":1,"10":1,"11":8,"12":8,"13":1,"14":7,"15":8,"16":8,"17":8,"18":8,"19":8,"20":1,"21":1,"22":4,"23":2,"24":2,"25":2,"26":2,"27":2,"28":1,"29":1,"30":4,"31":1,"32":1,"33":1,"34":1,"35":4,"36":4,"37":4},"f":{"0":1,"1":8,"2":4,"3":2,"4":1,"5":4},"b":{"0":[1,0],"1":[0,1],"2":[1,1],"3":[1,1],"4":[1,7],"5":[8,0],"6":[1,0],"7":[1,1],"8":[1,0]},"meta":{"lastBranch":9,"lastFunction":6,"lastStatement":38,"seen":{"s:3:15:29:1":0,"s:32:27:43:1":1,"f:32:27:32:28":0,"s:33:19:33:63":2,"b:34:4:41:5:undefined:undefined:undefined:undefined":0,"s:34:4:41:5":3,"b:36:8:38:9:undefined:undefined:undefined:undefined":1,"s:36:8:38:9":4,"b:36:12:36:41:36:45:36:62":2,"s:37:12:37:77":5,"s:40:8:40:21":6,"s:42:4:42:29":7,"s:46:18:46:44":8,"s:47:20:47:79":9,"b:47:25:47:65:47:69:47:78":3,"s:50:19:69:1":10,"f:50:19:50:20":1,"s:51:17:51:41":11,"b:54:4:58:5:56:11:58:5":4,"s:54:4:58:5":12,"s:55:8:55:35":13,"s:57:8:57:38":14,"s:61:18:61:44":15,"b:62:4:65:5:undefined:undefined:undefined:undefined":5,"s:62:4:65:5":16,"s:63:8:63:65":17,"s:64:8:64:74":18,"s:68:4:68:56":19,"b:72:0:74:1:undefined:undefined:undefined:undefined":6,"s:72:0:74:1":20,"s:73:4:73:17":21,"f:76:16:76:24":2,"s:77:27:89:5":22,"f:77:27:77:28":3,"s:78:8:78:45":23,"s:79:8:79:82":24,"s:81:8:81:21":25,"s:83:21:83:45":26,"b:84:8:88:9:86:15:88:9":7,"s:84:8:88:9":27,"s:85:12:85:39":28,"s:87:12:87:42":29,"s:91:21:97:5":30,"f:91:21:91:22":4,"b:92:8:96:9:undefined:undefined:undefined:undefined":8,"s:92:8:96:9":31,"s:93:12:93:43":32,"s:94:12:94:64":33,"s:95:12:95:25":34,"s:100:3:102:29":35,"f:100:38:100:39":5,"s:101:8:101:21":36,"s:104:4:111:6":37}}}
,"C:\\Users\\ptheodosiou\\Documents\\personal\\focus-flow\\src\\composables\\useTimer.js": {"path":"C:\\Users\\ptheodosiou\\Documents\\personal\\focus-flow\\src\\composables\\useTimer.js","statementMap":{"0":{"start":{"line":4,"column":21},"end":{"line":8,"column":1}},"1":{"start":{"line":11,"column":13},"end":{"line":11,"column":43}},"2":{"start":{"line":12,"column":19},"end":{"line":12,"column":59}},"3":{"start":{"line":13,"column":0},"end":{"line":15,"column":1}},"4":{"start":{"line":14,"column":4},"end":{"line":14,"column":49}},"5":{"start":{"line":18,"column":16},"end":{"line":18,"column":28}},"6":{"start":{"line":19,"column":20},"end":{"line":19,"column":43}},"7":{"start":{"line":20,"column":21},"end":{"line":20,"column":32}},"8":{"start":{"line":21,"column":20},"end":{"line":21,"column":86}},"9":{"start":{"line":22,"column":19},"end":{"line":22,"column":23}},"10":{"start":{"line":24,"column":51},"end":{"line":24,"column":62}},"11":{"start":{"line":26,"column":25},"end":{"line":30,"column":6}},"12":{"start":{"line":27,"column":24},"end":{"line":27,"column":55}},"13":{"start":{"line":28,"column":24},"end":{"line":28,"column":43}},"14":{"start":{"line":29,"column":8},"end":{"line":29,"column":95}},"15":{"start":{"line":32,"column":20},"end":{"line":36,"column":5}},"16":{"start":{"line":33,"column":8},"end":{"line":33,"column":29}},"17":{"start":{"line":34,"column":8},"end":{"line":34,"column":16}},"18":{"start":{"line":35,"column":8},"end":{"line":35,"column":57}},"19":{"start":{"line":38,"column":28},"end":{"line":44,"column":5}},"20":{"start":{"line":39,"column":8},"end":{"line":39,"column":43}},"21":{"start":{"line":40,"column":8},"end":{"line":40,"column":72}},"22":{"start":{"line":41,"column":8},"end":{"line":43,"column":9}},"23":{"start":{"line":42,"column":12},"end":{"line":42,"column":20}},"24":{"start":{"line":46,"column":19},"end":{"line":46,"column":76}},"25":{"start":{"line":47,"column":25},"end":{"line":47,"column":81}},"26":{"start":{"line":50,"column":19},"end":{"line":55,"column":5}},"27":{"start":{"line":57,"column":32},"end":{"line":91,"column":5}},"28":{"start":{"line":58,"column":8},"end":{"line":58,"column":34}},"29":{"start":{"line":58,"column":27},"end":{"line":58,"column":34}},"30":{"start":{"line":59,"column":29},"end":{"line":59,"column":77}},"31":{"start":{"line":60,"column":8},"end":{"line":60,"column":34}},"32":{"start":{"line":60,"column":27},"end":{"line":60,"column":34}},"33":{"start":{"line":62,"column":20},"end":{"line":62,"column":38}},"34":{"start":{"line":65,"column":8},"end":{"line":67,"column":9}},"35":{"start":{"line":66,"column":12},"end":{"line":66,"column":31}},"36":{"start":{"line":69,"column":22},"end":{"line":69,"column":49}},"37":{"start":{"line":70,"column":19},"end":{"line":70,"column":34}},"38":{"start":{"line":72,"column":8},"end":{"line":90,"column":11}},"39":{"start":{"line":73,"column":24},"end":{"line":73,"column":46}},"40":{"start":{"line":74,"column":25},"end":{"line":74,"column":41}},"41":{"start":{"line":76,"column":12},"end":{"line":76,"column":30}},"42":{"start":{"line":77,"column":12},"end":{"line":77,"column":42}},"43":{"start":{"line":79,"column":12},"end":{"line":79,"column":30}},"44":{"start":{"line":80,"column":12},"end":{"line":80,"column":53}},"45":{"start":{"line":82,"column":12},"end":{"line":82,"column":46}},"46":{"start":{"line":83,"column":12},"end":{"line":83,"column":64}},"47":{"start":{"line":84,"column":12},"end":{"line":84,"column":69}},"48":{"start":{"line":86,"column":12},"end":{"line":86,"column":28}},"49":{"start":{"line":87,"column":12},"end":{"line":87,"column":33}},"50":{"start":{"line":89,"column":12},"end":{"line":89,"column":25}},"51":{"start":{"line":93,"column":21},"end":{"line":96,"column":5}},"52":{"start":{"line":94,"column":8},"end":{"line":94,"column":38}},"53":{"start":{"line":95,"column":8},"end":{"line":95,"column":58}},"54":{"start":{"line":98,"column":25},"end":{"line":132,"column":5}},"55":{"start":{"line":100,"column":29},"end":{"line":100,"column":77}},"56":{"start":{"line":101,"column":8},"end":{"line":101,"column":34}},"57":{"start":{"line":101,"column":27},"end":{"line":101,"column":34}},"58":{"start":{"line":103,"column":20},"end":{"line":103,"column":38}},"59":{"start":{"line":106,"column":8},"end":{"line":108,"column":9}},"60":{"start":{"line":107,"column":12},"end":{"line":107,"column":31}},"61":{"start":{"line":110,"column":22},"end":{"line":110,"column":49}},"62":{"start":{"line":111,"column":19},"end":{"line":111,"column":34}},"63":{"start":{"line":113,"column":8},"end":{"line":131,"column":11}},"64":{"start":{"line":114,"column":24},"end":{"line":114,"column":46}},"65":{"start":{"line":115,"column":25},"end":{"line":115,"column":41}},"66":{"start":{"line":117,"column":12},"end":{"line":117,"column":30}},"67":{"start":{"line":118,"column":12},"end":{"line":118,"column":42}},"68":{"start":{"line":120,"column":12},"end":{"line":120,"column":30}},"69":{"start":{"line":121,"column":12},"end":{"line":121,"column":53}},"70":{"start":{"line":123,"column":12},"end":{"line":123,"column":46}},"71":{"start":{"line":124,"column":12},"end":{"line":124,"column":64}},"72":{"start":{"line":125,"column":12},"end":{"line":125,"column":69}},"73":{"start":{"line":127,"column":12},"end":{"line":127,"column":28}},"74":{"start":{"line":128,"column":12},"end":{"line":128,"column":33}},"75":{"start":{"line":130,"column":12},"end":{"line":130,"column":25}},"76":{"start":{"line":134,"column":23},"end":{"line":137,"column":5}},"77":{"start":{"line":135,"column":8},"end":{"line":135,"column":39}},"78":{"start":{"line":136,"column":8},"end":{"line":136,"column":64}},"79":{"start":{"line":139,"column":18},"end":{"line":148,"column":5}},"80":{"start":{"line":140,"column":8},"end":{"line":140,"column":36}},"81":{"start":{"line":140,"column":29},"end":{"line":140,"column":36}},"82":{"start":{"line":141,"column":8},"end":{"line":141,"column":31}},"83":{"start":{"line":142,"column":8},"end":{"line":147,"column":17}},"84":{"start":{"line":143,"column":12},"end":{"line":143,"column":29}},"85":{"start":{"line":144,"column":12},"end":{"line":146,"column":13}},"86":{"start":{"line":145,"column":16},"end":{"line":145,"column":25}},"87":{"start":{"line":150,"column":18},"end":{"line":153,"column":5}},"88":{"start":{"line":151,"column":8},"end":{"line":151,"column":32}},"89":{"start":{"line":152,"column":8},"end":{"line":152,"column":32}},"90":{"start":{"line":155,"column":18},"end":{"line":158,"column":5}},"91":{"start":{"line":156,"column":8},"end":{"line":156,"column":16}},"92":{"start":{"line":157,"column":8},"end":{"line":157,"column":43}},"93":{"start":{"line":160,"column":19},"end":{"line":177,"column":5}},"94":{"start":{"line":161,"column":8},"end":{"line":161,"column":16}},"95":{"start":{"line":162,"column":8},"end":{"line":170,"column":9}},"96":{"start":{"line":163,"column":12},"end":{"line":163,"column":29}},"97":{"start":{"line":164,"column":12},"end":{"line":164,"column":83}},"98":{"start":{"line":167,"column":12},"end":{"line":169,"column":13}},"99":{"start":{"line":168,"column":16},"end":{"line":168,"column":58}},"100":{"start":{"line":173,"column":8},"end":{"line":173,"column":30}},"101":{"start":{"line":174,"column":8},"end":{"line":174,"column":27}},"102":{"start":{"line":176,"column":8},"end":{"line":176,"column":16}},"103":{"start":{"line":180,"column":22},"end":{"line":180,"column":61}},"104":{"start":{"line":181,"column":4},"end":{"line":184,"column":5}},"105":{"start":{"line":182,"column":8},"end":{"line":182,"column":31}},"106":{"start":{"line":183,"column":8},"end":{"line":183,"column":42}},"107":{"start":{"line":187,"column":34},"end":{"line":187,"column":63}},"108":{"start":{"line":189,"column":42},"end":{"line":197,"column":5}},"109":{"start":{"line":190,"column":8},"end":{"line":193,"column":9}},"110":{"start":{"line":191,"column":12},"end":{"line":191,"column":73}},"111":{"start":{"line":192,"column":12},"end":{"line":192,"column":19}},"112":{"start":{"line":195,"column":27},"end":{"line":195,"column":65}},"113":{"start":{"line":196,"column":8},"end":{"line":196,"column":50}},"114":{"start":{"line":199,"column":29},"end":{"line":238,"column":5}},"115":{"start":{"line":200,"column":8},"end":{"line":237,"column":9}},"116":{"start":{"line":201,"column":30},"end":{"line":205,"column":13}},"117":{"start":{"line":207,"column":26},"end":{"line":207,"column":62}},"118":{"start":{"line":208,"column":25},"end":{"line":210,"column":50}},"119":{"start":{"line":212,"column":12},"end":{"line":229,"column":13}},"120":{"start":{"line":214,"column":16},"end":{"line":226,"column":17}},"121":{"start":{"line":215,"column":41},"end":{"line":215,"column":76}},"122":{"start":{"line":216,"column":20},"end":{"line":225,"column":21}},"123":{"start":{"line":217,"column":24},"end":{"line":223,"column":27}},"124":{"start":{"line":224,"column":24},"end":{"line":224,"column":31}},"125":{"start":{"line":228,"column":16},"end":{"line":228,"column":74}},"126":{"start":{"line":232,"column":12},"end":{"line":236,"column":15}},"127":{"start":{"line":240,"column":4},"end":{"line":261,"column":6}}},"fnMap":{"0":{"name":"useTimer","decl":{"start":{"line":17,"column":16},"end":{"line":17,"column":24}},"loc":{"start":{"line":17,"column":27},"end":{"line":262,"column":1}},"line":17},"1":{"name":"(anonymous_1)","decl":{"start":{"line":26,"column":35},"end":{"line":26,"column":36}},"loc":{"start":{"line":26,"column":41},"end":{"line":30,"column":5}},"line":26},"2":{"name":"(anonymous_2)","decl":{"start":{"line":32,"column":20},"end":{"line":32,"column":21}},"loc":{"start":{"line":32,"column":33},"end":{"line":36,"column":5}},"line":32},"3":{"name":"(anonymous_3)","decl":{"start":{"line":38,"column":28},"end":{"line":38,"column":29}},"loc":{"start":{"line":38,"column":46},"end":{"line":44,"column":5}},"line":38},"4":{"name":"(anonymous_4)","decl":{"start":{"line":57,"column":32},"end":{"line":57,"column":37}},"loc":{"start":{"line":57,"column":44},"end":{"line":91,"column":5}},"line":57},"5":{"name":"(anonymous_5)","decl":{"start":{"line":72,"column":34},"end":{"line":72,"column":35}},"loc":{"start":{"line":72,"column":51},"end":{"line":90,"column":9}},"line":72},"6":{"name":"(anonymous_6)","decl":{"start":{"line":93,"column":21},"end":{"line":93,"column":22}},"loc":{"start":{"line":93,"column":34},"end":{"line":96,"column":5}},"line":93},"7":{"name":"(anonymous_7)","decl":{"start":{"line":98,"column":25},"end":{"line":98,"column":30}},"loc":{"start":{"line":98,"column":37},"end":{"line":132,"column":5}},"line":98},"8":{"name":"(anonymous_8)","decl":{"start":{"line":113,"column":34},"end":{"line":113,"column":35}},"loc":{"start":{"line":113,"column":51},"end":{"line":131,"column":9}},"line":113},"9":{"name":"(anonymous_9)","decl":{"start":{"line":134,"column":23},"end":{"line":134,"column":24}},"loc":{"start":{"line":134,"column":29},"end":{"line":137,"column":5}},"line":134},"10":{"name":"(anonymous_10)","decl":{"start":{"line":139,"column":18},"end":{"line":139,"column":19}},"loc":{"start":{"line":139,"column":24},"end":{"line":148,"column":5}},"line":139},"11":{"name":"(anonymous_11)","decl":{"start":{"line":142,"column":31},"end":{"line":142,"column":32}},"loc":{"start":{"line":142,"column":37},"end":{"line":147,"column":9}},"line":142},"12":{"name":"(anonymous_12)","decl":{"start":{"line":150,"column":18},"end":{"line":150,"column":19}},"loc":{"start":{"line":150,"column":24},"end":{"line":153,"column":5}},"line":150},"13":{"name":"(anonymous_13)","decl":{"start":{"line":155,"column":18},"end":{"line":155,"column":19}},"loc":{"start":{"line":155,"column":24},"end":{"line":158,"column":5}},"line":155},"14":{"name":"(anonymous_14)","decl":{"start":{"line":160,"column":19},"end":{"line":160,"column":20}},"loc":{"start":{"line":160,"column":25},"end":{"line":177,"column":5}},"line":160},"15":{"name":"(anonymous_15)","decl":{"start":{"line":189,"column":42},"end":{"line":189,"column":47}},"loc":{"start":{"line":189,"column":54},"end":{"line":197,"column":5}},"line":189},"16":{"name":"(anonymous_16)","decl":{"start":{"line":199,"column":29},"end":{"line":199,"column":34}},"loc":{"start":{"line":199,"column":41},"end":{"line":238,"column":5}},"line":199}},"branchMap":{"0":{"loc":{"start":{"line":13,"column":0},"end":{"line":15,"column":1}},"type":"if","locations":[{"start":{"line":13,"column":0},"end":{"line":15,"column":1}},{"start":{},"end":{}}],"line":13},"1":{"loc":{"start":{"line":21,"column":34},"end":{"line":21,"column":84}},"type":"binary-expr","locations":[{"start":{"line":21,"column":34},"end":{"line":21,"column":77}},{"start":{"line":21,"column":81},"end":{"line":21,"column":84}}],"line":21},"2":{"loc":{"start":{"line":41,"column":8},"end":{"line":43,"column":9}},"type":"if","locations":[{"start":{"line":41,"column":8},"end":{"line":43,"column":9}},{"start":{},"end":{}}],"line":41},"3":{"loc":{"start":{"line":47,"column":30},"end":{"line":47,"column":80}},"type":"binary-expr","locations":[{"start":{"line":47,"column":30},"end":{"line":47,"column":70}},{"start":{"line":47,"column":74},"end":{"line":47,"column":80}}],"line":47},"4":{"loc":{"start":{"line":58,"column":8},"end":{"line":58,"column":34}},"type":"if","locations":[{"start":{"line":58,"column":8},"end":{"line":58,"column":34}},{"start":{},"end":{}}],"line":58},"5":{"loc":{"start":{"line":59,"column":29},"end":{"line":59,"column":77}},"type":"binary-expr","locations":[{"start":{"line":59,"column":29},"end":{"line":59,"column":48}},{"start":{"line":59,"column":52},"end":{"line":59,"column":77}}],"line":59},"6":{"loc":{"start":{"line":60,"column":8},"end":{"line":60,"column":34}},"type":"if","locations":[{"start":{"line":60,"column":8},"end":{"line":60,"column":34}},{"start":{},"end":{}}],"line":60},"7":{"loc":{"start":{"line":65,"column":8},"end":{"line":67,"column":9}},"type":"if","locations":[{"start":{"line":65,"column":8},"end":{"line":67,"column":9}},{"start":{},"end":{}}],"line":65},"8":{"loc":{"start":{"line":100,"column":29},"end":{"line":100,"column":77}},"type":"binary-expr","locations":[{"start":{"line":100,"column":29},"end":{"line":100,"column":48}},{"start":{"line":100,"column":52},"end":{"line":100,"column":77}}],"line":100},"9":{"loc":{"start":{"line":101,"column":8},"end":{"line":101,"column":34}},"type":"if","locations":[{"start":{"line":101,"column":8},"end":{"line":101,"column":34}},{"start":{},"end":{}}],"line":101},"10":{"loc":{"start":{"line":106,"column":8},"end":{"line":108,"column":9}},"type":"if","locations":[{"start":{"line":106,"column":8},"end":{"line":108,"column":9}},{"start":{},"end":{}}],"line":106},"11":{"loc":{"start":{"line":140,"column":8},"end":{"line":140,"column":36}},"type":"if","locations":[{"start":{"line":140,"column":8},"end":{"line":140,"column":36}},{"start":{},"end":{}}],"line":140},"12":{"loc":{"start":{"line":144,"column":12},"end":{"line":146,"column":13}},"type":"if","locations":[{"start":{"line":144,"column":12},"end":{"line":146,"column":13}},{"start":{},"end":{}}],"line":144},"13":{"loc":{"start":{"line":162,"column":8},"end":{"line":170,"column":9}},"type":"if","locations":[{"start":{"line":162,"column":8},"end":{"line":170,"column":9}},{"start":{},"end":{}}],"line":162},"14":{"loc":{"start":{"line":167,"column":12},"end":{"line":169,"column":13}},"type":"if","locations":[{"start":{"line":167,"column":12},"end":{"line":169,"column":13}},{"start":{},"end":{}}],"line":167},"15":{"loc":{"start":{"line":181,"column":4},"end":{"line":184,"column":5}},"type":"if","locations":[{"start":{"line":181,"column":4},"end":{"line":184,"column":5}},{"start":{},"end":{}}],"line":181},"16":{"loc":{"start":{"line":181,"column":8},"end":{"line":181,"column":37}},"type":"binary-expr","locations":[{"start":{"line":181,"column":8},"end":{"line":181,"column":17}},{"start":{"line":181,"column":21},"end":{"line":181,"column":37}}],"line":181},"17":{"loc":{"start":{"line":190,"column":8},"end":{"line":193,"column":9}},"type":"if","locations":[{"start":{"line":190,"column":8},"end":{"line":193,"column":9}},{"start":{},"end":{}}],"line":190},"18":{"loc":{"start":{"line":200,"column":8},"end":{"line":237,"column":9}},"type":"if","locations":[{"start":{"line":200,"column":8},"end":{"line":237,"column":9}},{"start":{},"end":{}}],"line":200},"19":{"loc":{"start":{"line":208,"column":25},"end":{"line":210,"column":50}},"type":"cond-expr","locations":[{"start":{"line":209,"column":18},"end":{"line":209,"column":48}},{"start":{"line":210,"column":18},"end":{"line":210,"column":50}}],"line":208},"20":{"loc":{"start":{"line":214,"column":16},"end":{"line":226,"column":17}},"type":"if","locations":[{"start":{"line":214,"column":16},"end":{"line":226,"column":17}},{"start":{},"end":{}}],"line":214},"21":{"loc":{"start":{"line":216,"column":20},"end":{"line":225,"column":21}},"type":"if","locations":[{"start":{"line":216,"column":20},"end":{"line":225,"column":21}},{"start":{},"end":{}}],"line":216}},"s":{"0":1,"1":1,"2":1,"3":1,"4":0,"5":7,"6":7,"7":7,"8":7,"9":7,"10":7,"11":7,"12":1,"13":1,"14":1,"15":7,"16":1,"17":1,"18":1,"19":7,"20":0,"21":0,"22":0,"23":0,"24":7,"25":7,"26":7,"27":7,"28":1,"29":0,"30":1,"31":1,"32":1,"33":0,"34":0,"35":0,"36":0,"37":0,"38":0,"39":0,"40":0,"41":0,"42":0,"43":0,"44":0,"45":0,"46":0,"47":0,"48":0,"49":0,"50":0,"51":7,"52":0,"53":0,"54":7,"55":0,"56":0,"57":0,"58":0,"59":0,"60":0,"61":0,"62":0,"63":0,"64":0,"65":0,"66":0,"67":0,"68":0,"69":0,"70":0,"71":0,"72":0,"73":0,"74":0,"75":0,"76":7,"77":1,"78":1,"79":7,"80":4,"81":0,"82":4,"83":4,"84":1507,"85":1507,"86":1,"87":7,"88":5,"89":5,"90":7,"91":3,"92":3,"93":7,"94":1,"95":1,"96":1,"97":1,"98":1,"99":1,"100":1,"101":1,"102":1,"103":7,"104":7,"105":0,"106":0,"107":7,"108":7,"109":0,"110":0,"111":0,"112":0,"113":0,"114":7,"115":1,"116":0,"117":0,"118":0,"119":0,"120":0,"121":0,"122":0,"123":0,"124":0,"125":0,"126":0,"127":7},"f":{"0":7,"1":1,"2":1,"3":0,"4":1,"5":0,"6":0,"7":0,"8":0,"9":1,"10":4,"11":1507,"12":5,"13":3,"14":1,"15":0,"16":1},"b":{"0":[0,1],"1":[7,7],"2":[0,0],"3":[7,7],"4":[0,1],"5":[1,1],"6":[1,0],"7":[0,0],"8":[0,0],"9":[0,0],"10":[0,0],"11":[0,4],"12":[1,1506],"13":[1,0],"14":[1,0],"15":[0,7],"16":[7,0],"17":[0,0],"18":[0,1],"19":[0,0],"20":[0,0],"21":[0,0]},"meta":{"lastBranch":22,"lastFunction":17,"lastStatement":128,"seen":{"s:4:21:8:1":0,"s:11:13:11:43":1,"s:12:19:12:59":2,"b:13:0:15:1:undefined:undefined:undefined:undefined":0,"s:13:0:15:1":3,"s:14:4:14:49":4,"f:17:16:17:24":0,"s:18:16:18:28":5,"s:19:20:19:43":6,"s:20:21:20:32":7,"s:21:20:21:86":8,"b:21:34:21:77:21:81:21:84":1,"s:22:19:22:23":9,"s:24:51:24:62":10,"s:26:25:30:6":11,"f:26:35:26:36":1,"s:27:24:27:55":12,"s:28:24:28:43":13,"s:29:8:29:95":14,"s:32:20:36:5":15,"f:32:20:32:21":2,"s:33:8:33:29":16,"s:34:8:34:16":17,"s:35:8:35:57":18,"s:38:28:44:5":19,"f:38:28:38:29":3,"s:39:8:39:43":20,"s:40:8:40:72":21,"b:41:8:43:9:undefined:undefined:undefined:undefined":2,"s:41:8:43:9":22,"s:42:12:42:20":23,"s:46:19:46:76":24,"s:47:25:47:81":25,"b:47:30:47:70:47:74:47:80":3,"s:50:19:55:5":26,"s:57:32:91:5":27,"f:57:32:57:37":4,"b:58:8:58:34:undefined:undefined:undefined:undefined":4,"s:58:8:58:34":28,"s:58:27:58:34":29,"s:59:29:59:77":30,"b:59:29:59:48:59:52:59:77":5,"b:60:8:60:34:undefined:undefined:undefined:undefined":6,"s:60:8:60:34":31,"s:60:27:60:34":32,"s:62:20:62:38":33,"b:65:8:67:9:undefined:undefined:undefined:undefined":7,"s:65:8:67:9":34,"s:66:12:66:31":35,"s:69:22:69:49":36,"s:70:19:70:34":37,"s:72:8:90:11":38,"f:72:34:72:35":5,"s:73:24:73:46":39,"s:74:25:74:41":40,"s:76:12:76:30":41,"s:77:12:77:42":42,"s:79:12:79:30":43,"s:80:12:80:53":44,"s:82:12:82:46":45,"s:83:12:83:64":46,"s:84:12:84:69":47,"s:86:12:86:28":48,"s:87:12:87:33":49,"s:89:12:89:25":50,"s:93:21:96:5":51,"f:93:21:93:22":6,"s:94:8:94:38":52,"s:95:8:95:58":53,"s:98:25:132:5":54,"f:98:25:98:30":7,"s:100:29:100:77":55,"b:100:29:100:48:100:52:100:77":8,"b:101:8:101:34:undefined:undefined:undefined:undefined":9,"s:101:8:101:34":56,"s:101:27:101:34":57,"s:103:20:103:38":58,"b:106:8:108:9:undefined:undefined:undefined:undefined":10,"s:106:8:108:9":59,"s:107:12:107:31":60,"s:110:22:110:49":61,"s:111:19:111:34":62,"s:113:8:131:11":63,"f:113:34:113:35":8,"s:114:24:114:46":64,"s:115:25:115:41":65,"s:117:12:117:30":66,"s:118:12:118:42":67,"s:120:12:120:30":68,"s:121:12:121:53":69,"s:123:12:123:46":70,"s:124:12:124:64":71,"s:125:12:125:69":72,"s:127:12:127:28":73,"s:128:12:128:33":74,"s:130:12:130:25":75,"s:134:23:137:5":76,"f:134:23:134:24":9,"s:135:8:135:39":77,"s:136:8:136:64":78,"s:139:18:148:5":79,"f:139:18:139:19":10,"b:140:8:140:36:undefined:undefined:undefined:undefined":11,"s:140:8:140:36":80,"s:140:29:140:36":81,"s:141:8:141:31":82,"s:142:8:147:17":83,"f:142:31:142:32":11,"s:143:12:143:29":84,"b:144:12:146:13:undefined:undefined:undefined:undefined":12,"s:144:12:146:13":85,"s:145:16:145:25":86,"s:150:18:153:5":87,"f:150:18:150:19":12,"s:151:8:151:32":88,"s:152:8:152:32":89,"s:155:18:158:5":90,"f:155:18:155:19":13,"s:156:8:156:16":91,"s:157:8:157:43":92,"s:160:19:177:5":93,"f:160:19:160:20":14,"s:161:8:161:16":94,"b:162:8:170:9:undefined:undefined:undefined:undefined":13,"s:162:8:170:9":95,"s:163:12:163:29":96,"s:164:12:164:83":97,"b:167:12:169:13:undefined:undefined:undefined:undefined":14,"s:167:12:169:13":98,"s:168:16:168:58":99,"s:173:8:173:30":100,"s:174:8:174:27":101,"s:176:8:176:16":102,"s:180:22:180:61":103,"b:181:4:184:5:undefined:undefined:undefined:undefined":15,"s:181:4:184:5":104,"b:181:8:181:17:181:21:181:37":16,"s:182:8:182:31":105,"s:183:8:183:42":106,"s:187:34:187:63":107,"s:189:42:197:5":108,"f:189:42:189:47":15,"b:190:8:193:9:undefined:undefined:undefined:undefined":17,"s:190:8:193:9":109,"s:191:12:191:73":110,"s:192:12:192:19":111,"s:195:27:195:65":112,"s:196:8:196:50":113,"s:199:29:238:5":114,"f:199:29:199:34":16,"b:200:8:237:9:undefined:undefined:undefined:undefined":18,"s:200:8:237:9":115,"s:201:30:205:13":116,"s:207:26:207:62":117,"s:208:25:210:50":118,"b:209:18:209:48:210:18:210:50":19,"s:212:12:229:13":119,"b:214:16:226:17:undefined:undefined:undefined:undefined":20,"s:214:16:226:17":120,"s:215:41:215:76":121,"b:216:20:225:21:undefined:undefined:undefined:undefined":21,"s:216:20:225:21":122,"s:217:24:223:27":123,"s:224:24:224:31":124,"s:228:16:228:74":125,"s:232:12:236:15":126,"s:240:4:261:6":127}}}
,"C:\\Users\\ptheodosiou\\Documents\\personal\\focus-flow\\src\\views\\About.vue": {"path":"C:\\Users\\ptheodosiou\\Documents\\personal\\focus-flow\\src\\views\\About.vue","statementMap":{"0":{"start":{"line":5,"column":14},"end":{"line":5,"column":26}},"1":{"start":{"line":7,"column":17},"end":{"line":38,"column":1}},"2":{"start":{"line":40,"column":18},"end":{"line":48,"column":1}},"3":{"start":{"line":50,"column":13},"end":{"line":57,"column":1}},"4":{"start":{"line":61,"column":7},"end":{"line":61,"column":null}},"5":{"start":{"line":62,"column":9},"end":{"line":62,"column":null}},"6":{"start":{"line":72,"column":11},"end":{"line":72,"column":null}},"7":{"start":{"line":100,"column":17},"end":{"line":100,"column":null}},"8":{"start":{"line":102,"column":15},"end":{"line":102,"column":null}},"9":{"start":{"line":108,"column":19},"end":{"line":108,"column":null}},"10":{"start":{"line":109,"column":21},"end":{"line":109,"column":null}},"11":{"start":{"line":113,"column":22},"end":{"line":113,"column":null}},"12":{"start":{"line":116,"column":21},"end":{"line":116,"column":null}},"13":{"start":{"line":176,"column":17},"end":{"line":176,"column":null}},"14":{"start":{"line":178,"column":15},"end":{"line":178,"column":null}},"15":{"start":{"line":179,"column":17},"end":{"line":179,"column":null}},"16":{"start":{"line":185,"column":22},"end":{"line":185,"column":66}},"17":{"start":{"line":186,"column":21},"end":{"line":186,"column":null}},"18":{"start":{"line":198,"column":17},"end":{"line":198,"column":null}},"19":{"start":{"line":200,"column":15},"end":{"line":200,"column":null}},"20":{"start":{"line":201,"column":16},"end":{"line":201,"column":null}},"21":{"start":{"line":65,"column":16},"end":{"line":65,"column":null}}},"fnMap":{"0":{"name":"(anonymous_0)","decl":{"start":{"line":65,"column":14},"end":{"line":65,"column":16}},"loc":{"start":{"line":65,"column":16},"end":{"line":65,"column":null}},"line":65}},"branchMap":{"0":{"loc":{"start":{"line":65,"column":14},"end":{"line":65,"column":null}},"type":"binary-expr","locations":[{"start":{"line":65,"column":14},"end":{"line":65,"column":16}},{"start":{"line":65,"column":14},"end":{"line":65,"column":null}}],"line":65},"1":{"loc":{"start":{"line":69,"column":8},"end":{"line":69,"column":25}},"type":"binary-expr","locations":[{"start":{"line":69,"column":8},"end":{"line":69,"column":14}},{"start":{"line":69,"column":8},"end":{"line":69,"column":25}}],"line":69},"2":{"loc":{"start":{"line":101,"column":10},"end":{"line":101,"column":93}},"type":"binary-expr","locations":[{"start":{"line":101,"column":10},"end":{"line":101,"column":14}},{"start":{"line":101,"column":10},"end":{"line":101,"column":93}}],"line":101},"3":{"loc":{"start":{"line":177,"column":10},"end":{"line":177,"column":103}},"type":"binary-expr","locations":[{"start":{"line":177,"column":10},"end":{"line":177,"column":14}},{"start":{"line":177,"column":10},"end":{"line":177,"column":103}}],"line":177},"4":{"loc":{"start":{"line":191,"column":12},"end":{"line":193,"column":16}},"type":"binary-expr","locations":[{"start":{"line":191,"column":12},"end":{"line":191,"column":15}},{"start":{"line":191,"column":12},"end":{"line":193,"column":16}}],"line":191},"5":{"loc":{"start":{"line":199,"column":10},"end":{"line":199,"column":98}},"type":"binary-expr","locations":[{"start":{"line":199,"column":10},"end":{"line":199,"column":14}},{"start":{"line":199,"column":10},"end":{"line":199,"column":98}}],"line":199},"6":{"loc":{"start":{"line":207,"column":16},"end":{"line":207,"column":61}},"type":"binary-expr","locations":[{"start":{"line":207,"column":16},"end":{"line":207,"column":22}},{"start":{"line":207,"column":16},"end":{"line":207,"column":61}}],"line":207}},"s":{"0":2,"1":2,"2":2,"3":2,"4":1,"5":1,"6":1,"7":1,"8":1,"9":1,"10":1,"11":1,"12":1,"13":1,"14":1,"15":1,"16":1,"17":1,"18":1,"19":1,"20":1,"21":1},"f":{"0":1},"b":{"0":[2,2],"1":[2,2],"2":[2,2],"3":[2,2],"4":[2,2],"5":[2,2],"6":[12,2]},"meta":{"lastBranch":7,"lastFunction":1,"lastStatement":22,"seen":{"s:5:14:5:26":0,"s:7:17:38:1":1,"s:40:18:48:1":2,"s:50:13:57:1":3,"s:61:7:61:Infinity":4,"s:62:9:62:Infinity":5,"s:72:11:72:Infinity":6,"s:100:17:100:Infinity":7,"s:102:15:102:Infinity":8,"s:108:19:108:Infinity":9,"s:109:21:109:Infinity":10,"s:113:22:113:Infinity":11,"s:116:21:116:Infinity":12,"s:176:17:176:Infinity":13,"s:178:15:178:Infinity":14,"s:179:17:179:Infinity":15,"s:185:22:185:66":16,"s:186:21:186:Infinity":17,"s:198:17:198:Infinity":18,"s:200:15:200:Infinity":19,"s:201:16:201:Infinity":20,"b:65:14:65:16:65:14:65:Infinity":0,"f:65:14:65:16":0,"s:65:16:65:Infinity":21,"b:69:8:69:14:69:8:69:25":1,"b:101:10:101:14:101:10:101:93":2,"b:177:10:177:14:177:10:177:103":3,"b:191:12:191:15:191:12:193:16":4,"b:199:10:199:14:199:10:199:98":5,"b:207:16:207:22:207:16:207:61":6}}}
,"C:\\Users\\ptheodosiou\\Documents\\personal\\focus-flow\\src\\views\\Home.vue": {"path":"C:\\Users\\ptheodosiou\\Documents\\personal\\focus-flow\\src\\views\\Home.vue","statementMap":{"0":{"start":{"line":10,"column":17},"end":{"line":10,"column":28}},"1":{"start":{"line":11,"column":21},"end":{"line":11,"column":32}},"2":{"start":{"line":15,"column":7},"end":{"line":15,"column":null}},"3":{"start":{"line":16,"column":9},"end":{"line":16,"column":null}},"4":{"start":{"line":19,"column":25},"end":{"line":19,"column":null}},"5":{"start":{"line":33,"column":14},"end":{"line":33,"column":null}}},"fnMap":{"0":{"name":"(anonymous_0)","decl":{"start":{"line":19,"column":23},"end":{"line":19,"column":25}},"loc":{"start":{"line":19,"column":25},"end":{"line":19,"column":null}},"line":19},"1":{"name":"(anonymous_1)","decl":{"start":{"line":33,"column":12},"end":{"line":33,"column":14}},"loc":{"start":{"line":33,"column":14},"end":{"line":33,"column":null}},"line":33}},"branchMap":{"0":{"loc":{"start":{"line":19,"column":23},"end":{"line":19,"column":null}},"type":"binary-expr","locations":[{"start":{"line":19,"column":23},"end":{"line":19,"column":25}},{"start":{"line":19,"column":23},"end":{"line":19,"column":null}}],"line":19},"1":{"loc":{"start":{"line":33,"column":12},"end":{"line":33,"column":null}},"type":"binary-expr","locations":[{"start":{"line":33,"column":12},"end":{"line":33,"column":14}},{"start":{"line":33,"column":12},"end":{"line":33,"column":null}}],"line":33}},"s":{"0":4,"1":4,"2":1,"3":1,"4":1,"5":0},"f":{"0":1,"1":0},"b":{"0":[8,4],"1":[8,4]},"meta":{"lastBranch":2,"lastFunction":2,"lastStatement":6,"seen":{"s:10:17:10:28":0,"s:11:21:11:32":1,"s:15:7:15:Infinity":2,"s:16:9:16:Infinity":3,"b:19:23:19:25:19:23:19:Infinity":0,"f:19:23:19:25":0,"s:19:25:19:Infinity":4,"b:33:12:33:14:33:12:33:Infinity":1,"f:33:12:33:14":1,"s:33:14:33:Infinity":5}}}
,"C:\\Users\\ptheodosiou\\Documents\\personal\\focus-flow\\src\\views\\Settings.vue": {"path":"C:\\Users\\ptheodosiou\\Documents\\personal\\focus-flow\\src\\views\\Settings.vue","statementMap":{"0":{"start":{"line":8,"column":14},"end":{"line":8,"column":26}},"1":{"start":{"line":10,"column":81},"end":{"line":10,"column":92}},"2":{"start":{"line":11,"column":42},"end":{"line":11,"column":53}},"3":{"start":{"line":13,"column":12},"end":{"line":17,"column":2}},"4":{"start":{"line":19,"column":26},"end":{"line":22,"column":1}},"5":{"start":{"line":20,"column":2},"end":{"line":20,"column":19}},"6":{"start":{"line":21,"column":2},"end":{"line":21,"column":16}},"7":{"start":{"line":24,"column":13},"end":{"line":31,"column":1}},"8":{"start":{"line":25,"column":2},"end":{"line":29,"column":4}},"9":{"start":{"line":30,"column":2},"end":{"line":30,"column":18}},"10":{"start":{"line":35,"column":7},"end":{"line":35,"column":null}},"11":{"start":{"line":36,"column":9},"end":{"line":36,"column":null}},"12":{"start":{"line":37,"column":11},"end":{"line":37,"column":null}},"13":{"start":{"line":48,"column":11},"end":{"line":48,"column":null}},"14":{"start":{"line":49,"column":13},"end":{"line":49,"column":null}},"15":{"start":{"line":59,"column":13},"end":{"line":59,"column":null}},"16":{"start":{"line":69,"column":13},"end":{"line":69,"column":null}},"17":{"start":{"line":80,"column":13},"end":{"line":80,"column":null}},"18":{"start":{"line":82,"column":15},"end":{"line":82,"column":null}},"19":{"start":{"line":94,"column":20},"end":{"line":94,"column":51}},"20":{"start":{"line":101,"column":13},"end":{"line":101,"column":null}},"21":{"start":{"line":103,"column":15},"end":{"line":103,"column":null}},"22":{"start":{"line":115,"column":20},"end":{"line":115,"column":51}},"23":{"start":{"line":39,"column":18},"end":{"line":39,"column":null}},"24":{"start":{"line":52,"column":21},"end":{"line":52,"column":null}},"25":{"start":{"line":62,"column":21},"end":{"line":62,"column":null}},"26":{"start":{"line":72,"column":21},"end":{"line":72,"column":null}},"27":{"start":{"line":86,"column":22},"end":{"line":86,"column":null}},"28":{"start":{"line":107,"column":22},"end":{"line":107,"column":null}}},"fnMap":{"0":{"name":"(anonymous_0)","decl":{"start":{"line":19,"column":26},"end":{"line":19,"column":27}},"loc":{"start":{"line":19,"column":39},"end":{"line":22,"column":1}},"line":19},"1":{"name":"(anonymous_1)","decl":{"start":{"line":24,"column":13},"end":{"line":24,"column":14}},"loc":{"start":{"line":24,"column":19},"end":{"line":31,"column":1}},"line":24},"2":{"name":"(anonymous_2)","decl":{"start":{"line":39,"column":16},"end":{"line":39,"column":18}},"loc":{"start":{"line":39,"column":18},"end":{"line":39,"column":null}},"line":39},"3":{"name":"(anonymous_3)","decl":{"start":{"line":52,"column":21},"end":{"line":52,"column":25}},"loc":{"start":{"line":52,"column":21},"end":{"line":52,"column":null}},"line":52},"4":{"name":"(anonymous_4)","decl":{"start":{"line":62,"column":21},"end":{"line":62,"column":25}},"loc":{"start":{"line":62,"column":21},"end":{"line":62,"column":null}},"line":62},"5":{"name":"(anonymous_5)","decl":{"start":{"line":72,"column":21},"end":{"line":72,"column":25}},"loc":{"start":{"line":72,"column":21},"end":{"line":72,"column":null}},"line":72},"6":{"name":"(anonymous_6)","decl":{"start":{"line":86,"column":20},"end":{"line":86,"column":22}},"loc":{"start":{"line":86,"column":22},"end":{"line":86,"column":null}},"line":86},"7":{"name":"(anonymous_7)","decl":{"start":{"line":107,"column":20},"end":{"line":107,"column":22}},"loc":{"start":{"line":107,"column":22},"end":{"line":107,"column":null}},"line":107}},"branchMap":{"0":{"loc":{"start":{"line":39,"column":16},"end":{"line":39,"column":null}},"type":"binary-expr","locations":[{"start":{"line":39,"column":16},"end":{"line":39,"column":18}},{"start":{"line":39,"column":16},"end":{"line":39,"column":null}}],"line":39},"1":{"loc":{"start":{"line":43,"column":10},"end":{"line":43,"column":27}},"type":"binary-expr","locations":[{"start":{"line":43,"column":10},"end":{"line":43,"column":16}},{"start":{"line":43,"column":10},"end":{"line":43,"column":27}}],"line":43},"2":{"loc":{"start":{"line":45,"column":8},"end":{"line":45,"column":83}},"type":"binary-expr","locations":[{"start":{"line":45,"column":8},"end":{"line":45,"column":12}},{"start":{"line":45,"column":8},"end":{"line":45,"column":83}}],"line":45},"3":{"loc":{"start":{"line":50,"column":10},"end":{"line":50,"column":115}},"type":"binary-expr","locations":[{"start":{"line":50,"column":10},"end":{"line":50,"column":17}},{"start":{"line":50,"column":10},"end":{"line":50,"column":115}}],"line":50},"4":{"loc":{"start":{"line":52,"column":21},"end":{"line":52,"column":null}},"type":"binary-expr","locations":[{"start":{"line":52,"column":21},"end":{"line":52,"column":25}},{"start":{"line":52,"column":21},"end":{"line":52,"column":null}}],"line":52},"5":{"loc":{"start":{"line":60,"column":10},"end":{"line":60,"column":113}},"type":"binary-expr","locations":[{"start":{"line":60,"column":10},"end":{"line":60,"column":17}},{"start":{"line":60,"column":10},"end":{"line":60,"column":113}}],"line":60},"6":{"loc":{"start":{"line":62,"column":21},"end":{"line":62,"column":null}},"type":"binary-expr","locations":[{"start":{"line":62,"column":21},"end":{"line":62,"column":25}},{"start":{"line":62,"column":21},"end":{"line":62,"column":null}}],"line":62},"7":{"loc":{"start":{"line":70,"column":10},"end":{"line":70,"column":112}},"type":"binary-expr","locations":[{"start":{"line":70,"column":10},"end":{"line":70,"column":17}},{"start":{"line":70,"column":10},"end":{"line":70,"column":112}}],"line":70},"8":{"loc":{"start":{"line":72,"column":21},"end":{"line":72,"column":null}},"type":"binary-expr","locations":[{"start":{"line":72,"column":21},"end":{"line":72,"column":25}},{"start":{"line":72,"column":21},"end":{"line":72,"column":null}}],"line":72},"9":{"loc":{"start":{"line":81,"column":10},"end":{"line":81,"column":108}},"type":"binary-expr","locations":[{"start":{"line":81,"column":10},"end":{"line":81,"column":17}},{"start":{"line":81,"column":10},"end":{"line":81,"column":108}}],"line":81},"10":{"loc":{"start":{"line":102,"column":10},"end":{"line":102,"column":103}},"type":"binary-expr","locations":[{"start":{"line":102,"column":10},"end":{"line":102,"column":17}},{"start":{"line":102,"column":10},"end":{"line":102,"column":103}}],"line":102}},"s":{"0":4,"1":4,"2":4,"3":4,"4":4,"5":1,"6":1,"7":4,"8":1,"9":1,"10":1,"11":1,"12":1,"13":1,"14":1,"15":1,"16":1,"17":1,"18":1,"19":1,"20":1,"21":1,"22":1,"23":0,"24":0,"25":0,"26":0,"27":1,"28":1},"f":{"0":1,"1":1,"2":0,"3":0,"4":0,"5":0,"6":1,"7":1},"b":{"0":[4,4],"1":[4,4],"2":[4,4],"3":[4,4],"4":[4,4],"5":[4,4],"6":[4,4],"7":[4,4],"8":[4,4],"9":[4,4],"10":[4,4]},"meta":{"lastBranch":11,"lastFunction":8,"lastStatement":29,"seen":{"s:8:14:8:26":0,"s:10:81:10:92":1,"s:11:42:11:53":2,"s:13:12:17:2":3,"s:19:26:22:1":4,"f:19:26:19:27":0,"s:20:2:20:19":5,"s:21:2:21:16":6,"s:24:13:31:1":7,"f:24:13:24:14":1,"s:25:2:29:4":8,"s:30:2:30:18":9,"s:35:7:35:Infinity":10,"s:36:9:36:Infinity":11,"s:37:11:37:Infinity":12,"s:48:11:48:Infinity":13,"s:49:13:49:Infinity":14,"s:59:13:59:Infinity":15,"s:69:13:69:Infinity":16,"s:80:13:80:Infinity":17,"s:82:15:82:Infinity":18,"s:94:20:94:51":19,"s:101:13:101:Infinity":20,"s:103:15:103:Infinity":21,"s:115:20:115:51":22,"b:39:16:39:18:39:16:39:Infinity":0,"f:39:16:39:18":2,"s:39:18:39:Infinity":23,"b:43:10:43:16:43:10:43:27":1,"b:45:8:45:12:45:8:45:83":2,"b:50:10:50:17:50:10:50:115":3,"b:52:21:52:25:52:21:52:Infinity":4,"f:52:21:52:25":3,"s:52:21:52:Infinity":24,"b:60:10:60:17:60:10:60:113":5,"b:62:21:62:25:62:21:62:Infinity":6,"f:62:21:62:25":4,"s:62:21:62:Infinity":25,"b:70:10:70:17:70:10:70:112":7,"b:72:21:72:25:72:21:72:Infinity":8,"f:72:21:72:25":5,"s:72:21:72:Infinity":26,"b:81:10:81:17:81:10:81:108":9,"f:86:20:86:22":6,"s:86:22:86:Infinity":27,"b:102:10:102:17:102:10:102:103":10,"f:107:20:107:22":7,"s:107:22:107:Infinity":28}}}
}
