TN:
SF:src\components\common\ShortcutsModal.vue
FN:36,(anonymous_0)
FN:45,(anonymous_1)
FNF:2
FNH:2
FNDA:1,(anonymous_0)
FNDA:1,(anonymous_1)
DA:13,5
DA:36,1
DA:40,1
DA:41,1
DA:42,1
DA:45,1
DA:52,1
DA:58,1
DA:59,1
LF:9
LH:9
BRDA:36,0,0,4
BRDA:36,0,1,4
BRDA:43,1,0,4
BRDA:43,1,1,4
BRDA:45,2,0,4
BRDA:45,2,1,4
BRF:6
BRH:6
end_of_record
TN:
SF:src\components\tasks\TaskInput.vue
FN:16,(anonymous_0)
FN:27,(anonymous_1)
FNF:2
FNH:2
FNDA:3,(anonymous_0)
FNDA:4,(anonymous_1)
DA:12,10
DA:14,10
DA:16,10
DA:17,3
DA:18,2
DA:19,2
DA:25,2
DA:27,4
LF:8
LH:8
BRDA:17,0,0,2
BRDA:17,0,1,1
BRDA:27,1,0,16
BRDA:27,1,1,10
BRF:4
BRH:4
end_of_record
TN:
SF:src\components\tasks\TaskItem.vue
FN:29,(anonymous_0)
FN:38,(anonymous_1)
FN:58,(anonymous_2)
FNF:3
FNH:3
FNDA:1,(anonymous_0)
FNDA:1,(anonymous_1)
FNDA:1,(anonymous_2)
DA:29,1
DA:38,1
DA:58,1
LF:3
LH:3
BRDA:29,0,0,16
BRDA:29,0,1,16
BRDA:38,1,0,16
BRDA:38,1,1,16
BRDA:40,2,0,6
BRDA:40,2,1,10
BRDA:40,3,0,1
BRDA:40,3,1,15
BRDA:58,4,0,16
BRDA:58,4,1,16
BRF:10
BRH:10
end_of_record
TN:
SF:src\components\tasks\TaskList.vue
FN:8,(anonymous_0)
FN:34,(anonymous_1)
FN:35,(anonymous_2)
FN:36,(anonymous_3)
FN:47,(anonymous_4)
FNF:5
FNH:5
FNDA:1,(anonymous_0)
FNDA:1,(anonymous_1)
FNDA:1,(anonymous_2)
FNDA:1,(anonymous_3)
FNDA:10,(anonymous_4)
DA:6,5
DA:8,5
DA:9,1
DA:10,0
DA:12,1
DA:18,1
DA:28,1
DA:34,1
DA:35,1
DA:36,1
DA:47,10
LF:11
LH:10
BRDA:9,0,0,0
BRDA:9,0,1,1
BRDA:46,1,0,5
BRDA:46,1,1,5
BRF:4
BRH:3
end_of_record
TN:
SF:src\components\timer\ModeSwitcher.vue
FN:23,(anonymous_0)
FNF:1
FNH:1
FNDA:1,(anonymous_0)
DA:11,7
DA:19,2
DA:20,21
DA:23,1
LF:4
LH:4
BRF:0
BRH:0
end_of_record
TN:
SF:src\components\timer\TimerCard.vue
FN:37,(anonymous_0)
FN:43,(anonymous_1)
FN:50,(anonymous_2)
FN:58,(anonymous_3)
FN:62,(anonymous_4)
FN:68,(anonymous_5)
FN:96,(anonymous_6)
FN:100,(anonymous_7)
FN:114,(anonymous_8)
FN:123,(anonymous_9)
FN:132,(anonymous_10)
FN:141,(anonymous_11)
FN:151,(anonymous_12)
FN:199,(anonymous_13)
FN:201,(anonymous_14)
FNF:15
FNH:3
FNDA:4,(anonymous_0)
FNDA:4,(anonymous_1)
FNDA:0,(anonymous_2)
FNDA:0,(anonymous_3)
FNDA:0,(anonymous_4)
FNDA:0,(anonymous_5)
FNDA:4,(anonymous_6)
FNDA:0,(anonymous_7)
FNDA:0,(anonymous_8)
FNDA:0,(anonymous_9)
FNDA:0,(anonymous_10)
FNDA:0,(anonymous_11)
FNDA:0,(anonymous_12)
FNDA:0,(anonymous_13)
FNDA:0,(anonymous_14)
DA:12,4
DA:13,4
DA:28,4
DA:30,4
DA:31,4
DA:33,4
DA:34,4
DA:37,4
DA:38,4
DA:39,4
DA:40,4
DA:43,4
DA:44,4
DA:45,4
DA:46,4
DA:47,4
DA:50,4
DA:51,0
DA:52,0
DA:53,0
DA:54,0
DA:58,4
DA:59,0
DA:60,0
DA:62,0
DA:63,0
DA:68,4
DA:70,0
DA:72,0
DA:74,0
DA:75,0
DA:76,0
DA:77,0
DA:79,0
DA:80,0
DA:82,0
DA:83,0
DA:85,0
DA:86,0
DA:88,0
DA:89,0
DA:91,0
DA:92,0
DA:96,4
DA:97,4
DA:100,4
DA:101,0
DA:110,1
DA:111,1
DA:114,0
DA:123,0
DA:132,0
DA:141,0
DA:151,0
DA:160,1
DA:163,1
DA:181,1
DA:182,1
DA:183,1
DA:187,1
DA:199,0
DA:201,0
LF:62
LH:30
BRDA:39,0,0,0
BRDA:39,0,1,4
BRDA:45,1,0,4
BRDA:45,1,1,4
BRDA:46,2,0,0
BRDA:46,2,1,4
BRDA:51,3,0,0
BRDA:51,3,1,0
BRDA:60,4,0,0
BRDA:60,4,1,0
BRDA:70,5,0,0
BRDA:70,5,1,0
BRDA:70,6,0,0
BRDA:70,6,1,0
BRDA:72,7,0,0
BRDA:72,7,1,0
BRDA:72,7,2,0
BRDA:72,7,3,0
BRDA:72,7,4,0
BRDA:72,7,5,0
BRDA:75,8,0,0
BRDA:75,8,1,0
BRDA:114,9,0,4
BRDA:114,9,1,4
BRDA:123,10,0,4
BRDA:123,10,1,4
BRDA:132,11,0,4
BRDA:132,11,1,4
BRDA:141,12,0,4
BRDA:141,12,1,4
BRDA:141,13,0,0
BRDA:141,13,1,0
BRDA:143,14,0,0
BRDA:143,14,1,4
BRDA:151,15,0,4
BRDA:151,15,1,4
BRDA:151,16,0,0
BRDA:151,16,1,0
BRDA:153,17,0,4
BRDA:153,17,1,0
BRDA:182,18,0,4
BRDA:182,18,1,4
BRDA:194,19,0,4
BRDA:194,19,1,4
BRDA:199,20,0,0
BRDA:199,20,1,0
BRDA:201,21,0,0
BRDA:201,21,1,0
BRF:48
BRH:20
end_of_record
TN:
SF:src\components\timer\TimerControls.vue
FN:20,(anonymous_0)
FN:27,(anonymous_1)
FN:33,(anonymous_2)
FN:42,(anonymous_3)
FNF:4
FNH:4
FNDA:1,(anonymous_0)
FNDA:1,(anonymous_1)
FNDA:1,(anonymous_2)
FNDA:1,(anonymous_3)
DA:13,10
DA:17,2
DA:20,1
DA:27,1
DA:33,1
DA:42,1
LF:6
LH:6
BRDA:19,0,0,8
BRDA:19,0,1,2
BRDA:20,1,0,8
BRDA:20,1,1,8
BRDA:27,2,0,2
BRDA:27,2,1,2
BRDA:33,3,0,10
BRDA:33,3,1,10
BRDA:42,4,0,6
BRDA:42,4,1,6
BRDA:42,5,0,1
BRDA:42,5,1,1
BRF:12
BRH:12
end_of_record
TN:
SF:src\components\timer\TimerDisplay.vue
FNF:0
FNH:0
DA:11,7
LF:1
LH:1
BRF:0
BRH:0
end_of_record
TN:
SF:src\composables\useTasks.js
FN:18,useTasks
FN:19,(anonymous_1)
FN:23,(anonymous_2)
FN:39,(anonymous_3)
FN:40,(anonymous_4)
FN:47,(anonymous_5)
FN:48,(anonymous_6)
FN:56,(anonymous_7)
FN:65,(anonymous_8)
FN:66,(anonymous_9)
FNF:10
FNH:10
FNDA:10,useTasks
FNDA:9,(anonymous_1)
FNDA:5,(anonymous_2)
FNDA:2,(anonymous_3)
FNDA:2,(anonymous_4)
FNDA:1,(anonymous_5)
FNDA:1,(anonymous_6)
FNDA:1,(anonymous_7)
FNDA:1,(anonymous_8)
FNDA:1,(anonymous_9)
DA:4,1
DA:5,1
DA:8,1
DA:9,1
DA:10,0
DA:13,1
DA:14,1
DA:15,0
DA:19,10
DA:20,9
DA:23,10
DA:24,5
DA:26,5
DA:34,5
DA:35,5
DA:36,5
DA:39,10
DA:40,2
DA:41,2
DA:42,2
DA:43,2
DA:47,10
DA:48,1
DA:49,1
DA:50,0
DA:51,0
DA:53,1
DA:56,10
DA:57,1
DA:58,1
DA:59,1
DA:61,0
DA:65,10
DA:66,1
DA:67,1
DA:68,1
DA:69,1
DA:73,10
LF:38
LH:33
BRDA:9,0,0,0
BRDA:9,0,1,1
BRDA:14,1,0,0
BRDA:14,1,1,1
BRDA:24,2,0,0
BRDA:24,2,1,5
BRDA:41,3,0,2
BRDA:41,3,1,0
BRDA:49,4,0,0
BRDA:49,4,1,1
BRDA:58,5,0,1
BRDA:58,5,1,0
BRDA:67,6,0,1
BRDA:67,6,1,0
BRF:14
BRH:7
end_of_record
TN:
SF:src\composables\useTheme.js
FN:32,(anonymous_0)
FN:50,(anonymous_1)
FN:76,useTheme
FN:77,(anonymous_3)
FN:91,(anonymous_4)
FN:100,(anonymous_5)
FNF:6
FNH:6
FNDA:1,(anonymous_0)
FNDA:8,(anonymous_1)
FNDA:4,useTheme
FNDA:2,(anonymous_3)
FNDA:1,(anonymous_4)
FNDA:4,(anonymous_5)
DA:3,1
DA:32,1
DA:33,1
DA:34,1
DA:36,1
DA:37,0
DA:40,1
DA:42,0
DA:46,1
DA:47,1
DA:50,1
DA:51,8
DA:54,8
DA:55,1
DA:57,7
DA:61,8
DA:62,8
DA:63,8
DA:64,8
DA:68,8
DA:72,1
DA:73,1
DA:77,4
DA:78,2
DA:79,2
DA:81,2
DA:83,2
DA:84,2
DA:85,1
DA:87,1
DA:91,4
DA:92,1
DA:93,1
DA:94,1
DA:95,1
DA:100,4
DA:101,4
DA:104,4
LF:38
LH:36
BRDA:34,0,0,1
BRDA:34,0,1,0
BRDA:36,1,0,0
BRDA:36,1,1,1
BRDA:36,2,0,1
BRDA:36,2,1,1
BRDA:47,3,0,1
BRDA:47,3,1,1
BRDA:54,4,0,1
BRDA:54,4,1,7
BRDA:62,5,0,8
BRDA:62,5,1,0
BRDA:72,6,0,1
BRDA:72,6,1,0
BRDA:84,7,0,1
BRDA:84,7,1,1
BRDA:92,8,0,1
BRDA:92,8,1,0
BRF:18
BRH:13
end_of_record
TN:
SF:src\composables\useTimer.js
FN:17,useTimer
FN:26,(anonymous_1)
FN:32,(anonymous_2)
FN:38,(anonymous_3)
FN:57,(anonymous_4)
FN:72,(anonymous_5)
FN:93,(anonymous_6)
FN:98,(anonymous_7)
FN:113,(anonymous_8)
FN:134,(anonymous_9)
FN:139,(anonymous_10)
FN:142,(anonymous_11)
FN:150,(anonymous_12)
FN:155,(anonymous_13)
FN:160,(anonymous_14)
FN:189,(anonymous_15)
FN:199,(anonymous_16)
FNF:17
FNH:11
FNDA:7,useTimer
FNDA:1,(anonymous_1)
FNDA:1,(anonymous_2)
FNDA:0,(anonymous_3)
FNDA:1,(anonymous_4)
FNDA:0,(anonymous_5)
FNDA:0,(anonymous_6)
FNDA:0,(anonymous_7)
FNDA:0,(anonymous_8)
FNDA:1,(anonymous_9)
FNDA:4,(anonymous_10)
FNDA:1507,(anonymous_11)
FNDA:5,(anonymous_12)
FNDA:3,(anonymous_13)
FNDA:1,(anonymous_14)
FNDA:0,(anonymous_15)
FNDA:1,(anonymous_16)
DA:4,1
DA:11,1
DA:12,1
DA:13,1
DA:14,0
DA:18,7
DA:19,7
DA:20,7
DA:21,7
DA:22,7
DA:24,7
DA:26,7
DA:27,1
DA:28,1
DA:29,1
DA:32,7
DA:33,1
DA:34,1
DA:35,1
DA:38,7
DA:39,0
DA:40,0
DA:41,0
DA:42,0
DA:46,7
DA:47,7
DA:50,7
DA:57,7
DA:58,1
DA:59,1
DA:60,1
DA:62,0
DA:65,0
DA:66,0
DA:69,0
DA:70,0
DA:72,0
DA:73,0
DA:74,0
DA:76,0
DA:77,0
DA:79,0
DA:80,0
DA:82,0
DA:83,0
DA:84,0
DA:86,0
DA:87,0
DA:89,0
DA:93,7
DA:94,0
DA:95,0
DA:98,7
DA:100,0
DA:101,0
DA:103,0
DA:106,0
DA:107,0
DA:110,0
DA:111,0
DA:113,0
DA:114,0
DA:115,0
DA:117,0
DA:118,0
DA:120,0
DA:121,0
DA:123,0
DA:124,0
DA:125,0
DA:127,0
DA:128,0
DA:130,0
DA:134,7
DA:135,1
DA:136,1
DA:139,7
DA:140,4
DA:141,4
DA:142,4
DA:143,1507
DA:144,1507
DA:145,1
DA:150,7
DA:151,5
DA:152,5
DA:155,7
DA:156,3
DA:157,3
DA:160,7
DA:161,1
DA:162,1
DA:163,1
DA:164,1
DA:167,1
DA:168,1
DA:173,1
DA:174,1
DA:176,1
DA:180,7
DA:181,7
DA:182,0
DA:183,0
DA:187,7
DA:189,7
DA:190,0
DA:191,0
DA:192,0
DA:195,0
DA:196,0
DA:199,7
DA:200,1
DA:201,0
DA:207,0
DA:208,0
DA:212,0
DA:214,0
DA:215,0
DA:216,0
DA:217,0
DA:224,0
DA:228,0
DA:232,0
DA:240,7
LF:124
LH:61
BRDA:13,0,0,0
BRDA:13,0,1,1
BRDA:21,1,0,7
BRDA:21,1,1,7
BRDA:41,2,0,0
BRDA:41,2,1,0
BRDA:47,3,0,7
BRDA:47,3,1,7
BRDA:58,4,0,0
BRDA:58,4,1,1
BRDA:59,5,0,1
BRDA:59,5,1,1
BRDA:60,6,0,1
BRDA:60,6,1,0
BRDA:65,7,0,0
BRDA:65,7,1,0
BRDA:100,8,0,0
BRDA:100,8,1,0
BRDA:101,9,0,0
BRDA:101,9,1,0
BRDA:106,10,0,0
BRDA:106,10,1,0
BRDA:140,11,0,0
BRDA:140,11,1,4
BRDA:144,12,0,1
BRDA:144,12,1,1506
BRDA:162,13,0,1
BRDA:162,13,1,0
BRDA:167,14,0,1
BRDA:167,14,1,0
BRDA:181,15,0,0
BRDA:181,15,1,7
BRDA:181,16,0,7
BRDA:181,16,1,0
BRDA:190,17,0,0
BRDA:190,17,1,0
BRDA:200,18,0,0
BRDA:200,18,1,1
BRDA:208,19,0,0
BRDA:208,19,1,0
BRDA:214,20,0,0
BRDA:214,20,1,0
BRDA:216,21,0,0
BRDA:216,21,1,0
BRF:44
BRH:17
end_of_record
TN:
SF:src\views\About.vue
FN:65,(anonymous_0)
FNF:1
FNH:1
FNDA:1,(anonymous_0)
DA:5,2
DA:7,2
DA:40,2
DA:50,2
DA:61,1
DA:62,1
DA:65,1
DA:72,1
DA:100,1
DA:102,1
DA:108,1
DA:109,1
DA:113,1
DA:116,1
DA:176,1
DA:178,1
DA:179,1
DA:185,1
DA:186,1
DA:198,1
DA:200,1
DA:201,1
LF:22
LH:22
BRDA:65,0,0,2
BRDA:65,0,1,2
BRDA:69,1,0,2
BRDA:69,1,1,2
BRDA:101,2,0,2
BRDA:101,2,1,2
BRDA:177,3,0,2
BRDA:177,3,1,2
BRDA:191,4,0,2
BRDA:191,4,1,2
BRDA:199,5,0,2
BRDA:199,5,1,2
BRDA:207,6,0,12
BRDA:207,6,1,2
BRF:14
BRH:14
end_of_record
TN:
SF:src\views\Home.vue
FN:19,(anonymous_0)
FN:33,(anonymous_1)
FNF:2
FNH:1
FNDA:1,(anonymous_0)
FNDA:0,(anonymous_1)
DA:10,4
DA:11,4
DA:15,1
DA:16,1
DA:19,1
DA:33,0
LF:6
LH:5
BRDA:19,0,0,8
BRDA:19,0,1,4
BRDA:33,1,0,8
BRDA:33,1,1,4
BRF:4
BRH:4
end_of_record
TN:
SF:src\views\Settings.vue
FN:19,(anonymous_0)
FN:24,(anonymous_1)
FN:39,(anonymous_2)
FN:52,(anonymous_3)
FN:62,(anonymous_4)
FN:72,(anonymous_5)
FN:86,(anonymous_6)
FN:107,(anonymous_7)
FNF:8
FNH:4
FNDA:1,(anonymous_0)
FNDA:1,(anonymous_1)
FNDA:0,(anonymous_2)
FNDA:0,(anonymous_3)
FNDA:0,(anonymous_4)
FNDA:0,(anonymous_5)
FNDA:1,(anonymous_6)
FNDA:1,(anonymous_7)
DA:8,4
DA:10,4
DA:11,4
DA:13,4
DA:19,4
DA:20,1
DA:21,1
DA:24,4
DA:25,1
DA:30,1
DA:35,1
DA:36,1
DA:37,1
DA:39,0
DA:48,1
DA:49,1
DA:52,0
DA:59,1
DA:62,0
DA:69,1
DA:72,0
DA:80,1
DA:82,1
DA:86,1
DA:94,1
DA:101,1
DA:103,1
DA:107,1
DA:115,1
LF:29
LH:25
BRDA:39,0,0,4
BRDA:39,0,1,4
BRDA:43,1,0,4
BRDA:43,1,1,4
BRDA:45,2,0,4
BRDA:45,2,1,4
BRDA:50,3,0,4
BRDA:50,3,1,4
BRDA:52,4,0,4
BRDA:52,4,1,4
BRDA:60,5,0,4
BRDA:60,5,1,4
BRDA:62,6,0,4
BRDA:62,6,1,4
BRDA:70,7,0,4
BRDA:70,7,1,4
BRDA:72,8,0,4
BRDA:72,8,1,4
BRDA:81,9,0,4
BRDA:81,9,1,4
BRDA:102,10,0,4
BRDA:102,10,1,4
BRF:22
BRH:22
end_of_record
